#-----------------------------------------------------------
# Vivado v2023.1 (64-bit)
# SW Build 3865809 on Sun May  7 15:05:29 MDT 2023
# IP Build 3864474 on Sun May  7 20:36:21 MDT 2023
# SharedData Build 3865790 on Sun May 07 13:33:03 MDT 2023
# Start of session at: Fri Feb 21 15:31:31 2025
# Process ID: 30544
# Current directory: D:/_code/Git/Fontys/CSA/CSA2-pong/pong-digitaal/fontys-pong
# Command line: vivado.exe -gui_launcher_event rodinguilauncherevent26704 D:\_code\Git\Fontys\CSA\CSA2-pong\pong-digitaal\fontys-pong\fontys-pong.xpr
# Log file: D:/_code/Git/Fontys/CSA/CSA2-pong/pong-digitaal/fontys-pong/vivado.log
# Journal file: D:/_code/Git/Fontys/CSA/CSA2-pong/pong-digitaal/fontys-pong\vivado.jou
# Running On: XPS-Tommy, OS: Windows, CPU Frequency: 2918 MHz, CPU Physical cores: 14, Host memory: 34029 MB
#-----------------------------------------------------------
start_gui
open_project D:/_code/Git/Fontys/CSA/CSA2-pong/pong-digitaal/fontys-pong/fontys-pong.xpr
WARNING: [Board 49-26] cannot add Board Part xilinx.com:kc705:part0:1.6 available at C:/Xilinx/Vivado/2023.1/data/xhub/boards/XilinxBoardStore/boards/Xilinx/kc705/1.6/board.xml as part xc7k325tffg900-2 specified in board_part file is either invalid or not available
WARNING: [Board 49-26] cannot add Board Part xilinx.com:kcu105:part0:1.6 available at C:/Xilinx/Vivado/2023.1/data/xhub/boards/XilinxBoardStore/boards/Xilinx/kcu105/1.6/board.xml as part xcku040-ffva1156-2-e specified in board_part file is either invalid or not available
WARNING: [Board 49-26] cannot add Board Part xilinx.com:kcu105:part0:1.7 available at C:/Xilinx/Vivado/2023.1/data/xhub/boards/XilinxBoardStore/boards/Xilinx/kcu105/1.7/board.xml as part xcku040-ffva1156-2-e specified in board_part file is either invalid or not available
WARNING: [Board 49-26] cannot add Board Part xilinx.com:kcu116:part0:1.4 available at C:/Xilinx/Vivado/2023.1/data/xhub/boards/XilinxBoardStore/boards/Xilinx/kcu116/1.4/board.xml as part xcku5p-ffvb676-2-e specified in board_part file is either invalid or not available
WARNING: [Board 49-26] cannot add Board Part xilinx.com:kcu116:part0:1.5 available at C:/Xilinx/Vivado/2023.1/data/xhub/boards/XilinxBoardStore/boards/Xilinx/kcu116/1.5/board.xml as part xcku5p-ffvb676-2-e specified in board_part file is either invalid or not available
WARNING: [Board 49-26] cannot add Board Part xilinx.com:vc707:part0:1.4 available at C:/Xilinx/Vivado/2023.1/data/xhub/boards/XilinxBoardStore/boards/Xilinx/vc707/1.4/board.xml as part xc7vx485tffg1761-2 specified in board_part file is either invalid or not available
WARNING: [Board 49-26] cannot add Board Part xilinx.com:vc709:part0:1.8 available at C:/Xilinx/Vivado/2023.1/data/xhub/boards/XilinxBoardStore/boards/Xilinx/vc709/1.8/board.xml as part xc7vx690tffg1761-2 specified in board_part file is either invalid or not available
WARNING: [Board 49-26] cannot add Board Part xilinx.com:vcu108:part0:1.6 available at C:/Xilinx/Vivado/2023.1/data/xhub/boards/XilinxBoardStore/boards/Xilinx/vcu108/1.6/board.xml as part xcvu095-ffva2104-2-e specified in board_part file is either invalid or not available
WARNING: [Board 49-26] cannot add Board Part xilinx.com:vcu108:part0:1.7 available at C:/Xilinx/Vivado/2023.1/data/xhub/boards/XilinxBoardStore/boards/Xilinx/vcu108/1.7/board.xml as part xcvu095-ffva2104-2-e specified in board_part file is either invalid or not available
WARNING: [Board 49-26] cannot add Board Part xilinx.com:vcu110:part0:1.4 available at C:/Xilinx/Vivado/2023.1/data/xhub/boards/XilinxBoardStore/boards/Xilinx/vcu110/1.4/board.xml as part xcvu190-flgc2104-2-e specified in board_part file is either invalid or not available
WARNING: [Board 49-26] cannot add Board Part xilinx.com:vcu128:part0:1.0 available at C:/Xilinx/Vivado/2023.1/data/xhub/boards/XilinxBoardStore/boards/Xilinx/vcu128/production/1.0/board.xml as part xcvu37p-fsvh2892-2l-e specified in board_part file is either invalid or not available
WARNING: [Board 49-26] cannot add Board Part xilinx.com:vcu129:part0:1.0 available at C:/Xilinx/Vivado/2023.1/data/xhub/boards/XilinxBoardStore/boards/Xilinx/vcu129/production/1.0/board.xml as part xcvu29p-fsga2577-2l-e specified in board_part file is either invalid or not available
WARNING: [Board 49-26] cannot add Board Part xilinx.com:vek280_es:part0:1.0 available at C:/Xilinx/Vivado/2023.1/data/xhub/boards/XilinxBoardStore/boards/Xilinx/vek280/es/rev_a/1.0/board.xml as part xcve2802-vsvh1760-2lp-e-s-es1 specified in board_part file is either invalid or not available
WARNING: [Board 49-26] cannot add Board Part xilinx.com:vek280_es:part0:1.1 available at C:/Xilinx/Vivado/2023.1/data/xhub/boards/XilinxBoardStore/boards/Xilinx/vek280/es/rev_a/1.1/board.xml as part xcve2802-vsvh1760-2lp-e-s-es1 specified in board_part file is either invalid or not available
WARNING: [Board 49-26] cannot add Board Part xilinx.com:vek280_es_revb:part0:1.0 available at C:/Xilinx/Vivado/2023.1/data/xhub/boards/XilinxBoardStore/boards/Xilinx/vek280/es/rev_b/1.0/board.xml as part xcve2802-vsvh1760-2mp-e-s-es1 specified in board_part file is either invalid or not available
WARNING: [Board 49-26] cannot add Board Part xilinx.com:vek280_es_revb:part0:1.1 available at C:/Xilinx/Vivado/2023.1/data/xhub/boards/XilinxBoardStore/boards/Xilinx/vek280/es/rev_b/1.1/board.xml as part xcve2802-vsvh1760-2mp-e-s-es1 specified in board_part file is either invalid or not available
WARNING: [Board 49-26] cannot add Board Part xilinx.com:vermeo_t1_mpsoc:part0:1.0 available at C:/Xilinx/Vivado/2023.1/data/xhub/boards/XilinxBoardStore/boards/Xilinx/vermeo_t1_mpsoc/1.0/board.xml as part xczu19eg-ffvd1760-2l-e specified in board_part file is either invalid or not available
WARNING: [Board 49-26] cannot add Board Part xilinx.com:vermeo_t1_rfsoc:part0:1.0 available at C:/Xilinx/Vivado/2023.1/data/xhub/boards/XilinxBoardStore/boards/Xilinx/vermeo_t1_rfsoc/1.0/board.xml as part xczu21dr-ffvd1156-2l-e specified in board_part file is either invalid or not available
WARNING: [Board 49-26] cannot add Board Part xilinx.com:vhk158:part0:1.0 available at C:/Xilinx/Vivado/2023.1/data/xhub/boards/XilinxBoardStore/boards/Xilinx/vhk158/production/1.0/board.xml as part xcvh1582-vsva3697-2mp-e-s specified in board_part file is either invalid or not available
WARNING: [Board 49-26] cannot add Board Part xilinx.com:vhk158_es:part0:1.0 available at C:/Xilinx/Vivado/2023.1/data/xhub/boards/XilinxBoardStore/boards/Xilinx/vhk158/es/1.0/board.xml as part xcvh1582-vsva3697-2mp-e-s-es1 specified in board_part file is either invalid or not available
WARNING: [Board 49-26] cannot add Board Part xilinx.com:vhk158_es:part0:1.1 available at C:/Xilinx/Vivado/2023.1/data/xhub/boards/XilinxBoardStore/boards/Xilinx/vhk158/es/1.1/board.xml as part xcvh1582-vsva3697-2mp-e-s-es1 specified in board_part file is either invalid or not available
WARNING: [Board 49-26] cannot add Board Part xilinx.com:vpk120_es:part0:1.2 available at C:/Xilinx/Vivado/2023.1/data/xhub/boards/XilinxBoardStore/boards/Xilinx/vpk120/es/1.2/board.xml as part xcvp1202-vsva2785-2mp-e-s-es1 specified in board_part file is either invalid or not available
WARNING: [Board 49-26] cannot add Board Part xilinx.com:vpk120_es:part0:1.3 available at C:/Xilinx/Vivado/2023.1/data/xhub/boards/XilinxBoardStore/boards/Xilinx/vpk120/es/1.3/board.xml as part xcvp1202-vsva2785-2mp-e-s-es1 specified in board_part file is either invalid or not available
WARNING: [Board 49-26] cannot add Board Part xilinx.com:vpk120_es_revb:part0:1.0 available at C:/Xilinx/Vivado/2023.1/data/xhub/boards/XilinxBoardStore/boards/Xilinx/vpk120_revb/es/1.0/board.xml as part xcvp1202-vsva2785-2mp-e-s-es1 specified in board_part file is either invalid or not available
WARNING: [Board 49-26] cannot add Board Part xilinx.com:vpk120_es_revb:part0:1.1 available at C:/Xilinx/Vivado/2023.1/data/xhub/boards/XilinxBoardStore/boards/Xilinx/vpk120_revb/es/1.1/board.xml as part xcvp1202-vsva2785-2mp-e-s-es1 specified in board_part file is either invalid or not available
WARNING: [Board 49-26] cannot add Board Part xilinx.com:vpk180_es:part0:1.0 available at C:/Xilinx/Vivado/2023.1/data/xhub/boards/XilinxBoardStore/boards/Xilinx/vpk180/es/1.0/board.xml as part xcvp1802-lsvc4072-2mp-e-s-es1 specified in board_part file is either invalid or not available
WARNING: [Board 49-26] cannot add Board Part xilinx.com:vpk180_es:part0:1.1 available at C:/Xilinx/Vivado/2023.1/data/xhub/boards/XilinxBoardStore/boards/Xilinx/vpk180/es/1.1/board.xml as part xcvp1802-lsvc4072-2mp-e-s-es1 specified in board_part file is either invalid or not available
WARNING: [Board 49-26] cannot add Board Part xilinx.com:zcu111:part0:1.2 available at C:/Xilinx/Vivado/2023.1/data/xhub/boards/XilinxBoardStore/boards/Xilinx/zcu111/1.2/board.xml as part xczu28dr-ffvg1517-2-e specified in board_part file is either invalid or not available
WARNING: [Board 49-26] cannot add Board Part xilinx.com:zcu111:part0:1.3 available at C:/Xilinx/Vivado/2023.1/data/xhub/boards/XilinxBoardStore/boards/Xilinx/zcu111/1.3/board.xml as part xczu28dr-ffvg1517-2-e specified in board_part file is either invalid or not available
WARNING: [Board 49-26] cannot add Board Part xilinx.com:zcu111:part0:1.4 available at C:/Xilinx/Vivado/2023.1/data/xhub/boards/XilinxBoardStore/boards/Xilinx/zcu111/1.4/board.xml as part xczu28dr-ffvg1517-2-e specified in board_part file is either invalid or not available
WARNING: [Board 49-26] cannot add Board Part xilinx.com:zcu1275:part0:1.0 available at C:/Xilinx/Vivado/2023.1/data/xhub/boards/XilinxBoardStore/boards/Xilinx/zcu1275/1.0/board.xml as part xczu29dr-ffvf1760-2-e specified in board_part file is either invalid or not available
WARNING: [Board 49-26] cannot add Board Part xilinx.com:zcu1285:part0:1.0 available at C:/Xilinx/Vivado/2023.1/data/xhub/boards/XilinxBoardStore/boards/Xilinx/zcu1285/1.0/board.xml as part xczu39dr-ffvf1760-2-i specified in board_part file is either invalid or not available
WARNING: [Board 49-26] cannot add Board Part xilinx.com:zcu208:part0:2.0 available at C:/Xilinx/Vivado/2023.1/data/xhub/boards/XilinxBoardStore/boards/Xilinx/zcu208/production/2.0/board.xml as part xczu48dr-fsvg1517-2-e specified in board_part file is either invalid or not available
WARNING: [Board 49-26] cannot add Board Part xilinx.com:zcu208ld:part0:2.0 available at C:/Xilinx/Vivado/2023.1/data/xhub/boards/XilinxBoardStore/boards/Xilinx/zcu208ld/production/2.0/board.xml as part xczu58dr-fsvg1517-2-i specified in board_part file is either invalid or not available
WARNING: [Board 49-26] cannot add Board Part xilinx.com:zcu216:part0:2.0 available at C:/Xilinx/Vivado/2023.1/data/xhub/boards/XilinxBoardStore/boards/Xilinx/zcu216/production/2.0/board.xml as part xczu49dr-ffvf1760-2-e specified in board_part file is either invalid or not available
WARNING: [Board 49-26] cannot add Board Part xilinx.com:zcu216ld:part0:2.0 available at C:/Xilinx/Vivado/2023.1/data/xhub/boards/XilinxBoardStore/boards/Xilinx/zcu216ld/production/2.0/board.xml as part xczu59dr-ffvf1760-2-i specified in board_part file is either invalid or not available
WARNING: [Board 49-26] cannot add Board Part xilinx.com:zcu670:part0:2.0 available at C:/Xilinx/Vivado/2023.1/data/xhub/boards/XilinxBoardStore/boards/Xilinx/zcu670/2.0/board.xml as part xczu67dr-fsve1156-2-i specified in board_part file is either invalid or not available
WARNING: [Board 49-26] cannot add Board Part xilinx.com:zcu670ld:part0:1.0 available at C:/Xilinx/Vivado/2023.1/data/xhub/boards/XilinxBoardStore/boards/Xilinx/zcu670ld/1.0/board.xml as part xczu57dr-fsve1156-2-i specified in board_part file is either invalid or not available
Scanning sources...
Finished scanning sources
INFO: [IP_Flow 19-234] Refreshing IP repositories
INFO: [IP_Flow 19-1700] Loaded user IP repository 'd:/_code/Vivado/vivado-library-zmod-v1-2019.1-2'.
INFO: [IP_Flow 19-2313] Loaded Vivado IP repository 'C:/Xilinx/Vivado/2023.1/data/ip'.
WARNING: [IP_Flow 19-3664] IP 'ZYNQ_clk_wiz_0' generated file not found 'd:/_code/Git/Fontys/CSA/CSA2-pong/pong-digitaal/fontys-pong/fontys-pong.gen/sources_1/bd/ZYNQ/ipshared/30ef/mmcm_pll_drp_func_7s_mmcm.vh'. Please regenerate to continue.
WARNING: [IP_Flow 19-3664] IP 'ZYNQ_clk_wiz_0' generated file not found 'd:/_code/Git/Fontys/CSA/CSA2-pong/pong-digitaal/fontys-pong/fontys-pong.gen/sources_1/bd/ZYNQ/ipshared/30ef/mmcm_pll_drp_func_7s_pll.vh'. Please regenerate to continue.
WARNING: [IP_Flow 19-3664] IP 'ZYNQ_clk_wiz_0' generated file not found 'd:/_code/Git/Fontys/CSA/CSA2-pong/pong-digitaal/fontys-pong/fontys-pong.gen/sources_1/bd/ZYNQ/ipshared/30ef/mmcm_pll_drp_func_us_mmcm.vh'. Please regenerate to continue.
WARNING: [IP_Flow 19-3664] IP 'ZYNQ_clk_wiz_0' generated file not found 'd:/_code/Git/Fontys/CSA/CSA2-pong/pong-digitaal/fontys-pong/fontys-pong.gen/sources_1/bd/ZYNQ/ipshared/30ef/mmcm_pll_drp_func_us_pll.vh'. Please regenerate to continue.
WARNING: [IP_Flow 19-3664] IP 'ZYNQ_clk_wiz_0' generated file not found 'd:/_code/Git/Fontys/CSA/CSA2-pong/pong-digitaal/fontys-pong/fontys-pong.gen/sources_1/bd/ZYNQ/ipshared/30ef/mmcm_pll_drp_func_us_plus_pll.vh'. Please regenerate to continue.
WARNING: [IP_Flow 19-3664] IP 'ZYNQ_clk_wiz_0' generated file not found 'd:/_code/Git/Fontys/CSA/CSA2-pong/pong-digitaal/fontys-pong/fontys-pong.gen/sources_1/bd/ZYNQ/ipshared/30ef/mmcm_pll_drp_func_us_plus_mmcm.vh'. Please regenerate to continue.
WARNING: [IP_Flow 19-3664] IP 'ZYNQ_clk_wiz_0' generated file not found 'd:/_code/Git/Fontys/CSA/CSA2-pong/pong-digitaal/fontys-pong/fontys-pong.gen/sources_1/bd/ZYNQ/ipshared/30ef/mmcm_pll_drp_func_7s_mmcm.vh'. Please regenerate to continue.
WARNING: [IP_Flow 19-3664] IP 'ZYNQ_clk_wiz_0' generated file not found 'd:/_code/Git/Fontys/CSA/CSA2-pong/pong-digitaal/fontys-pong/fontys-pong.gen/sources_1/bd/ZYNQ/ipshared/30ef/mmcm_pll_drp_func_7s_pll.vh'. Please regenerate to continue.
WARNING: [IP_Flow 19-3664] IP 'ZYNQ_clk_wiz_0' generated file not found 'd:/_code/Git/Fontys/CSA/CSA2-pong/pong-digitaal/fontys-pong/fontys-pong.gen/sources_1/bd/ZYNQ/ipshared/30ef/mmcm_pll_drp_func_us_mmcm.vh'. Please regenerate to continue.
WARNING: [IP_Flow 19-3664] IP 'ZYNQ_clk_wiz_0' generated file not found 'd:/_code/Git/Fontys/CSA/CSA2-pong/pong-digitaal/fontys-pong/fontys-pong.gen/sources_1/bd/ZYNQ/ipshared/30ef/mmcm_pll_drp_func_us_pll.vh'. Please regenerate to continue.
WARNING: [IP_Flow 19-3664] IP 'ZYNQ_clk_wiz_0' generated file not found 'd:/_code/Git/Fontys/CSA/CSA2-pong/pong-digitaal/fontys-pong/fontys-pong.gen/sources_1/bd/ZYNQ/ipshared/30ef/mmcm_pll_drp_func_us_plus_pll.vh'. Please regenerate to continue.
WARNING: [IP_Flow 19-3664] IP 'ZYNQ_clk_wiz_0' generated file not found 'd:/_code/Git/Fontys/CSA/CSA2-pong/pong-digitaal/fontys-pong/fontys-pong.gen/sources_1/bd/ZYNQ/ipshared/30ef/mmcm_pll_drp_func_us_plus_mmcm.vh'. Please regenerate to continue.
WARNING: [IP_Flow 19-3664] IP 'ultrasoon_test_clk_wiz_0_0' generated file not found 'd:/_code/Git/Fontys/CSA/CSA2-pong/pong-digitaal/fontys-pong/fontys-pong.gen/sources_1/bd/ultrasoon_test/ipshared/30ef/mmcm_pll_drp_func_7s_mmcm.vh'. Please regenerate to continue.
WARNING: [IP_Flow 19-3664] IP 'ultrasoon_test_clk_wiz_0_0' generated file not found 'd:/_code/Git/Fontys/CSA/CSA2-pong/pong-digitaal/fontys-pong/fontys-pong.gen/sources_1/bd/ultrasoon_test/ipshared/30ef/mmcm_pll_drp_func_7s_pll.vh'. Please regenerate to continue.
WARNING: [IP_Flow 19-3664] IP 'ultrasoon_test_clk_wiz_0_0' generated file not found 'd:/_code/Git/Fontys/CSA/CSA2-pong/pong-digitaal/fontys-pong/fontys-pong.gen/sources_1/bd/ultrasoon_test/ipshared/30ef/mmcm_pll_drp_func_us_mmcm.vh'. Please regenerate to continue.
WARNING: [IP_Flow 19-3664] IP 'ultrasoon_test_clk_wiz_0_0' generated file not found 'd:/_code/Git/Fontys/CSA/CSA2-pong/pong-digitaal/fontys-pong/fontys-pong.gen/sources_1/bd/ultrasoon_test/ipshared/30ef/mmcm_pll_drp_func_us_pll.vh'. Please regenerate to continue.
WARNING: [IP_Flow 19-3664] IP 'ultrasoon_test_clk_wiz_0_0' generated file not found 'd:/_code/Git/Fontys/CSA/CSA2-pong/pong-digitaal/fontys-pong/fontys-pong.gen/sources_1/bd/ultrasoon_test/ipshared/30ef/mmcm_pll_drp_func_us_plus_pll.vh'. Please regenerate to continue.
WARNING: [IP_Flow 19-3664] IP 'ultrasoon_test_clk_wiz_0_0' generated file not found 'd:/_code/Git/Fontys/CSA/CSA2-pong/pong-digitaal/fontys-pong/fontys-pong.gen/sources_1/bd/ultrasoon_test/ipshared/30ef/mmcm_pll_drp_func_us_plus_mmcm.vh'. Please regenerate to continue.
WARNING: [IP_Flow 19-3664] IP 'ultrasoon_test_clk_wiz_0_0' generated file not found 'd:/_code/Git/Fontys/CSA/CSA2-pong/pong-digitaal/fontys-pong/fontys-pong.gen/sources_1/bd/ultrasoon_test/ipshared/30ef/mmcm_pll_drp_func_7s_mmcm.vh'. Please regenerate to continue.
WARNING: [IP_Flow 19-3664] IP 'ultrasoon_test_clk_wiz_0_0' generated file not found 'd:/_code/Git/Fontys/CSA/CSA2-pong/pong-digitaal/fontys-pong/fontys-pong.gen/sources_1/bd/ultrasoon_test/ipshared/30ef/mmcm_pll_drp_func_7s_pll.vh'. Please regenerate to continue.
WARNING: [IP_Flow 19-3664] IP 'ultrasoon_test_clk_wiz_0_0' generated file not found 'd:/_code/Git/Fontys/CSA/CSA2-pong/pong-digitaal/fontys-pong/fontys-pong.gen/sources_1/bd/ultrasoon_test/ipshared/30ef/mmcm_pll_drp_func_us_mmcm.vh'. Please regenerate to continue.
WARNING: [IP_Flow 19-3664] IP 'ultrasoon_test_clk_wiz_0_0' generated file not found 'd:/_code/Git/Fontys/CSA/CSA2-pong/pong-digitaal/fontys-pong/fontys-pong.gen/sources_1/bd/ultrasoon_test/ipshared/30ef/mmcm_pll_drp_func_us_pll.vh'. Please regenerate to continue.
WARNING: [IP_Flow 19-3664] IP 'ultrasoon_test_clk_wiz_0_0' generated file not found 'd:/_code/Git/Fontys/CSA/CSA2-pong/pong-digitaal/fontys-pong/fontys-pong.gen/sources_1/bd/ultrasoon_test/ipshared/30ef/mmcm_pll_drp_func_us_plus_pll.vh'. Please regenerate to continue.
WARNING: [IP_Flow 19-3664] IP 'ultrasoon_test_clk_wiz_0_0' generated file not found 'd:/_code/Git/Fontys/CSA/CSA2-pong/pong-digitaal/fontys-pong/fontys-pong.gen/sources_1/bd/ultrasoon_test/ipshared/30ef/mmcm_pll_drp_func_us_plus_mmcm.vh'. Please regenerate to continue.
WARNING: [IP_Flow 19-3664] IP 'bd_d804_ila_lib_0' generated file not found 'd:/_code/Git/Fontys/CSA/CSA2-pong/pong-digitaal/fontys-pong/fontys-pong.gen/sources_1/bd/ultrasoon_test/ipshared/1b7e/hdl/verilog/ltlib_v1_0_0_ver.vh'. Please regenerate to continue.
WARNING: [IP_Flow 19-3664] IP 'bd_d804_ila_lib_0' generated file not found 'd:/_code/Git/Fontys/CSA/CSA2-pong/pong-digitaal/fontys-pong/fontys-pong.gen/sources_1/bd/ultrasoon_test/ipshared/1b7e/hdl/verilog/ltlib_v1_0_0_lib_fn.vh'. Please regenerate to continue.
WARNING: [IP_Flow 19-3664] IP 'bd_d804_ila_lib_0' generated file not found 'd:/_code/Git/Fontys/CSA/CSA2-pong/pong-digitaal/fontys-pong/fontys-pong.gen/sources_1/bd/ultrasoon_test/ipshared/1b7e/hdl/ltlib_v1_0_vl_rfs.v'. Please regenerate to continue.
WARNING: [IP_Flow 19-3664] IP 'bd_d804_ila_lib_0' generated file not found 'd:/_code/Git/Fontys/CSA/CSA2-pong/pong-digitaal/fontys-pong/fontys-pong.gen/sources_1/bd/ultrasoon_test/ipshared/122e/hdl/verilog/xsdbs_v1_0_2_i2x.vh'. Please regenerate to continue.
WARNING: [IP_Flow 19-3664] IP 'bd_d804_ila_lib_0' generated file not found 'd:/_code/Git/Fontys/CSA/CSA2-pong/pong-digitaal/fontys-pong/fontys-pong.gen/sources_1/bd/ultrasoon_test/ipshared/122e/hdl/verilog/xsdbs_v1_0_2_in.vh'. Please regenerate to continue.
WARNING: [IP_Flow 19-3664] IP 'bd_d804_ila_lib_0' generated file not found 'd:/_code/Git/Fontys/CSA/CSA2-pong/pong-digitaal/fontys-pong/fontys-pong.gen/sources_1/bd/ultrasoon_test/ipshared/122e/hdl/xsdbs_v1_0_vl_rfs.v'. Please regenerate to continue.
WARNING: [IP_Flow 19-3664] IP 'bd_d804_ila_lib_0' generated file not found 'd:/_code/Git/Fontys/CSA/CSA2-pong/pong-digitaal/fontys-pong/fontys-pong.gen/sources_1/bd/ultrasoon_test/ipshared/2751/hdl/blk_mem_gen_v8_3_vhsyn_rfs.vhd'. Please regenerate to continue.
WARNING: [IP_Flow 19-3664] IP 'bd_d804_ila_lib_0' generated file not found 'd:/_code/Git/Fontys/CSA/CSA2-pong/pong-digitaal/fontys-pong/fontys-pong.gen/sources_1/bd/ultrasoon_test/ipshared/e6d5/hdl/fifo_generator_v13_1_vhsyn_rfs.vhd'. Please regenerate to continue.
WARNING: [IP_Flow 19-3664] IP 'bd_d804_ila_lib_0' generated file not found 'd:/_code/Git/Fontys/CSA/CSA2-pong/pong-digitaal/fontys-pong/fontys-pong.gen/sources_1/bd/ultrasoon_test/ipshared/affe/hdl/verilog/xsdbm_v3_0_0_i2x.vh'. Please regenerate to continue.
WARNING: [IP_Flow 19-3664] IP 'bd_d804_ila_lib_0' generated file not found 'd:/_code/Git/Fontys/CSA/CSA2-pong/pong-digitaal/fontys-pong/fontys-pong.gen/sources_1/bd/ultrasoon_test/ipshared/affe/hdl/verilog/xsdbm_v3_0_0_in.vh'. Please regenerate to continue.
WARNING: [IP_Flow 19-3664] IP 'bd_d804_ila_lib_0' generated file not found 'd:/_code/Git/Fontys/CSA/CSA2-pong/pong-digitaal/fontys-pong/fontys-pong.gen/sources_1/bd/ultrasoon_test/ipshared/affe/hdl/verilog/xsdbm_v3_0_0_icn.vh'. Please regenerate to continue.
WARNING: [IP_Flow 19-3664] IP 'bd_d804_ila_lib_0' generated file not found 'd:/_code/Git/Fontys/CSA/CSA2-pong/pong-digitaal/fontys-pong/fontys-pong.gen/sources_1/bd/ultrasoon_test/ipshared/affe/hdl/verilog/xsdbm_v3_0_0_bs.vh'. Please regenerate to continue.
WARNING: [IP_Flow 19-3664] IP 'bd_d804_ila_lib_0' generated file not found 'd:/_code/Git/Fontys/CSA/CSA2-pong/pong-digitaal/fontys-pong/fontys-pong.gen/sources_1/bd/ultrasoon_test/ipshared/affe/hdl/verilog/xsdbm_v3_0_0_bs_ext.vh'. Please regenerate to continue.
WARNING: [IP_Flow 19-3664] IP 'bd_d804_ila_lib_0' generated file not found 'd:/_code/Git/Fontys/CSA/CSA2-pong/pong-digitaal/fontys-pong/fontys-pong.gen/sources_1/bd/ultrasoon_test/ipshared/affe/hdl/verilog/xsdbm_v3_0_0_bs_core.vh'. Please regenerate to continue.
WARNING: [IP_Flow 19-3664] IP 'bd_d804_ila_lib_0' generated file not found 'd:/_code/Git/Fontys/CSA/CSA2-pong/pong-digitaal/fontys-pong/fontys-pong.gen/sources_1/bd/ultrasoon_test/ipshared/affe/hdl/verilog/xsdbm_v3_0_0_bs_core_ext.vh'. Please regenerate to continue.
WARNING: [IP_Flow 19-3664] IP 'bd_d804_ila_lib_0' generated file not found 'd:/_code/Git/Fontys/CSA/CSA2-pong/pong-digitaal/fontys-pong/fontys-pong.gen/sources_1/bd/ultrasoon_test/ipshared/affe/hdl/verilog/xsdbm_v3_0_0_bs_ports.vh'. Please regenerate to continue.
WARNING: [IP_Flow 19-3664] IP 'bd_d804_ila_lib_0' generated file not found 'd:/_code/Git/Fontys/CSA/CSA2-pong/pong-digitaal/fontys-pong/fontys-pong.gen/sources_1/bd/ultrasoon_test/ipshared/affe/hdl/verilog/xsdbm_v3_0_0_bsid_ports.vh'. Please regenerate to continue.
WARNING: [IP_Flow 19-3664] IP 'bd_d804_ila_lib_0' generated file not found 'd:/_code/Git/Fontys/CSA/CSA2-pong/pong-digitaal/fontys-pong/fontys-pong.gen/sources_1/bd/ultrasoon_test/ipshared/affe/hdl/verilog/xsdbm_v3_0_0_bsid_vec_ports.vh'. Please regenerate to continue.
WARNING: [IP_Flow 19-3664] IP 'bd_d804_ila_lib_0' generated file not found 'd:/_code/Git/Fontys/CSA/CSA2-pong/pong-digitaal/fontys-pong/fontys-pong.gen/sources_1/bd/ultrasoon_test/ipshared/affe/hdl/verilog/xsdbm_v3_0_0_bs_vec.vh'. Please regenerate to continue.
WARNING: [IP_Flow 19-3664] IP 'bd_d804_ila_lib_0' generated file not found 'd:/_code/Git/Fontys/CSA/CSA2-pong/pong-digitaal/fontys-pong/fontys-pong.gen/sources_1/bd/ultrasoon_test/ipshared/affe/hdl/verilog/xsdbm_v3_0_0_bs_core_vec.vh'. Please regenerate to continue.
WARNING: [IP_Flow 19-3664] IP 'bd_d804_ila_lib_0' generated file not found 'd:/_code/Git/Fontys/CSA/CSA2-pong/pong-digitaal/fontys-pong/fontys-pong.gen/sources_1/bd/ultrasoon_test/ipshared/affe/hdl/verilog/xsdbm_v3_0_0_sl_prt_map.vh'. Please regenerate to continue.
WARNING: [IP_Flow 19-3664] IP 'bd_d804_ila_lib_0' generated file not found 'd:/_code/Git/Fontys/CSA/CSA2-pong/pong-digitaal/fontys-pong/fontys-pong.gen/sources_1/bd/ultrasoon_test/ipshared/affe/hdl/verilog/xsdbm_v3_0_0_id_map.vh'. Please regenerate to continue.
WARNING: [IP_Flow 19-3664] IP 'bd_d804_ila_lib_0' generated file not found 'd:/_code/Git/Fontys/CSA/CSA2-pong/pong-digitaal/fontys-pong/fontys-pong.gen/sources_1/bd/ultrasoon_test/ipshared/affe/hdl/verilog/xsdbm_v3_0_0_id_vec_map.vh'. Please regenerate to continue.
WARNING: [IP_Flow 19-3664] IP 'bd_d804_ila_lib_0' generated file not found 'd:/_code/Git/Fontys/CSA/CSA2-pong/pong-digitaal/fontys-pong/fontys-pong.gen/sources_1/bd/ultrasoon_test/ipshared/affe/hdl/xsdbm_v3_0_vl_rfs.v'. Please regenerate to continue.
WARNING: [IP_Flow 19-3664] IP 'bd_d804_ila_lib_0' generated file not found 'd:/_code/Git/Fontys/CSA/CSA2-pong/pong-digitaal/fontys-pong/fontys-pong.gen/sources_1/bd/ultrasoon_test/ipshared/bb55/hdl/blk_mem_gen_v8_4_vhsyn_rfs.vhd'. Please regenerate to continue.
WARNING: [IP_Flow 19-3664] IP 'bd_d804_ila_lib_0' generated file not found 'd:/_code/Git/Fontys/CSA/CSA2-pong/pong-digitaal/fontys-pong/fontys-pong.gen/sources_1/bd/ultrasoon_test/ipshared/20d0/hdl/verilog/ila_v6_2_13_ila_ver.vh'. Please regenerate to continue.
WARNING: [IP_Flow 19-3664] IP 'bd_d804_ila_lib_0' generated file not found 'd:/_code/Git/Fontys/CSA/CSA2-pong/pong-digitaal/fontys-pong/fontys-pong.gen/sources_1/bd/ultrasoon_test/ipshared/20d0/hdl/ila_v6_2_syn_rfs.v'. Please regenerate to continue.
WARNING: [IP_Flow 19-3664] IP 'bd_d804_ila_lib_0' generated file not found 'd:/_code/Git/Fontys/CSA/CSA2-pong/pong-digitaal/fontys-pong/fontys-pong.gen/sources_1/bd/ultrasoon_test/ipshared/20d0/hdl/verilog/ila_v6_2_13_ila_in.vh'. Please regenerate to continue.
WARNING: [IP_Flow 19-3664] IP 'bd_d804_ila_lib_0' generated file not found 'd:/_code/Git/Fontys/CSA/CSA2-pong/pong-digitaal/fontys-pong/fontys-pong.gen/sources_1/bd/ultrasoon_test/ipshared/20d0/hdl/verilog/ila_v6_2_13_ila_param.vh'. Please regenerate to continue.
WARNING: [IP_Flow 19-3664] IP 'bd_d804_ila_lib_0' generated file not found 'd:/_code/Git/Fontys/CSA/CSA2-pong/pong-digitaal/fontys-pong/fontys-pong.gen/sources_1/bd/ultrasoon_test/ipshared/20d0/hdl/verilog/ila_v6_2_13_ila_lparam.vh'. Please regenerate to continue.
WARNING: [IP_Flow 19-3664] IP 'bd_d804_ila_lib_0' generated file not found 'd:/_code/Git/Fontys/CSA/CSA2-pong/pong-digitaal/fontys-pong/fontys-pong.gen/sources_1/bd/ultrasoon_test/ipshared/20d0/hdl/verilog/ila_v6_2_13_ila_lib_fn.vh'. Please regenerate to continue.
WARNING: [BD 41-1661] One or more IPs have been locked in the design 'PONG.bd'. Please run report_ip_status for more details and recommendations on how to fix this issue.
List of locked IPs:
PONG_paddle_offset_x_0
PONG_ball_size_0
PONG_score_seg_size_x_0
PONG_paddle_size_x_0
PONG_max_score_0
PONG_scoreboard_top_offset_0
PONG_score_seg_size_y_0
PONG_scoreboard_center_offset_0
PONG_paddle_size_y_0
PONG_screen_size_x_0
PONG_screen_size_y_0
PONG_clk_wiz_0_0
PONG_one_0
PONG_rgb2dvi_0_0
PONG_util_vector_logic_1_0
PONG_util_vector_logic_2_0
PONG_v_tc_0_0
PONG_zero_0

WARNING: [IP_Flow 19-3664] IP 'blockdesign_inst_0_util_vector_logic_1_0' generated file not found 'd:/_code/Git/Fontys/CSA/CSA2-pong/pong-digitaal/fontys-pong/fontys-pong.gen/sources_1/bd/ZYNQ/bd/blockdesign_inst_0/ipshared/3d84/hdl/util_vector_logic_v2_0_vl_rfs.v'. Please regenerate to continue.
WARNING: [IP_Flow 19-3664] IP 'blockdesign_inst_0_util_vector_logic_1_0' generated file not found 'd:/_code/Git/Fontys/CSA/CSA2-pong/pong-digitaal/fontys-pong/fontys-pong.gen/sources_1/bd/ZYNQ/bd/blockdesign_inst_0/ipshared/3d84/hdl/util_vector_logic_v2_0_vl_rfs.v'. Please regenerate to continue.
WARNING: [IP_Flow 19-3664] IP 'blockdesign_inst_0_screen_size_x_0' generated file not found 'd:/_code/Git/Fontys/CSA/CSA2-pong/pong-digitaal/fontys-pong/fontys-pong.gen/sources_1/bd/ZYNQ/bd/blockdesign_inst_0/ipshared/b0f2/hdl/xlconstant_v1_1_vl_rfs.v'. Please regenerate to continue.
WARNING: [IP_Flow 19-3664] IP 'blockdesign_inst_0_screen_size_x_0' generated file not found 'd:/_code/Git/Fontys/CSA/CSA2-pong/pong-digitaal/fontys-pong/fontys-pong.gen/sources_1/bd/ZYNQ/bd/blockdesign_inst_0/ipshared/b0f2/hdl/xlconstant_v1_1_vl_rfs.v'. Please regenerate to continue.
WARNING: [IP_Flow 19-3664] IP 'blockdesign_inst_0_screen_size_y_0' generated file not found 'd:/_code/Git/Fontys/CSA/CSA2-pong/pong-digitaal/fontys-pong/fontys-pong.gen/sources_1/bd/ZYNQ/bd/blockdesign_inst_0/ipshared/b0f2/hdl/xlconstant_v1_1_vl_rfs.v'. Please regenerate to continue.
WARNING: [IP_Flow 19-3664] IP 'blockdesign_inst_0_screen_size_y_0' generated file not found 'd:/_code/Git/Fontys/CSA/CSA2-pong/pong-digitaal/fontys-pong/fontys-pong.gen/sources_1/bd/ZYNQ/bd/blockdesign_inst_0/ipshared/b0f2/hdl/xlconstant_v1_1_vl_rfs.v'. Please regenerate to continue.
WARNING: [IP_Flow 19-3664] IP 'blockdesign_inst_0_paddle_size_x_0' generated file not found 'd:/_code/Git/Fontys/CSA/CSA2-pong/pong-digitaal/fontys-pong/fontys-pong.gen/sources_1/bd/ZYNQ/bd/blockdesign_inst_0/ipshared/b0f2/hdl/xlconstant_v1_1_vl_rfs.v'. Please regenerate to continue.
WARNING: [IP_Flow 19-3664] IP 'blockdesign_inst_0_paddle_size_x_0' generated file not found 'd:/_code/Git/Fontys/CSA/CSA2-pong/pong-digitaal/fontys-pong/fontys-pong.gen/sources_1/bd/ZYNQ/bd/blockdesign_inst_0/ipshared/b0f2/hdl/xlconstant_v1_1_vl_rfs.v'. Please regenerate to continue.
WARNING: [IP_Flow 19-3664] IP 'blockdesign_inst_0_paddle_size_y_0' generated file not found 'd:/_code/Git/Fontys/CSA/CSA2-pong/pong-digitaal/fontys-pong/fontys-pong.gen/sources_1/bd/ZYNQ/bd/blockdesign_inst_0/ipshared/b0f2/hdl/xlconstant_v1_1_vl_rfs.v'. Please regenerate to continue.
WARNING: [IP_Flow 19-3664] IP 'blockdesign_inst_0_paddle_size_y_0' generated file not found 'd:/_code/Git/Fontys/CSA/CSA2-pong/pong-digitaal/fontys-pong/fontys-pong.gen/sources_1/bd/ZYNQ/bd/blockdesign_inst_0/ipshared/b0f2/hdl/xlconstant_v1_1_vl_rfs.v'. Please regenerate to continue.
WARNING: [IP_Flow 19-3664] IP 'blockdesign_inst_0_ball_size_0' generated file not found 'd:/_code/Git/Fontys/CSA/CSA2-pong/pong-digitaal/fontys-pong/fontys-pong.gen/sources_1/bd/ZYNQ/bd/blockdesign_inst_0/ipshared/b0f2/hdl/xlconstant_v1_1_vl_rfs.v'. Please regenerate to continue.
WARNING: [IP_Flow 19-3664] IP 'blockdesign_inst_0_ball_size_0' generated file not found 'd:/_code/Git/Fontys/CSA/CSA2-pong/pong-digitaal/fontys-pong/fontys-pong.gen/sources_1/bd/ZYNQ/bd/blockdesign_inst_0/ipshared/b0f2/hdl/xlconstant_v1_1_vl_rfs.v'. Please regenerate to continue.
WARNING: [IP_Flow 19-3664] IP 'blockdesign_inst_0_paddle_offset_x_0' generated file not found 'd:/_code/Git/Fontys/CSA/CSA2-pong/pong-digitaal/fontys-pong/fontys-pong.gen/sources_1/bd/ZYNQ/bd/blockdesign_inst_0/ipshared/b0f2/hdl/xlconstant_v1_1_vl_rfs.v'. Please regenerate to continue.
WARNING: [IP_Flow 19-3664] IP 'blockdesign_inst_0_paddle_offset_x_0' generated file not found 'd:/_code/Git/Fontys/CSA/CSA2-pong/pong-digitaal/fontys-pong/fontys-pong.gen/sources_1/bd/ZYNQ/bd/blockdesign_inst_0/ipshared/b0f2/hdl/xlconstant_v1_1_vl_rfs.v'. Please regenerate to continue.
WARNING: [IP_Flow 19-3664] IP 'blockdesign_inst_0_max_score_0' generated file not found 'd:/_code/Git/Fontys/CSA/CSA2-pong/pong-digitaal/fontys-pong/fontys-pong.gen/sources_1/bd/ZYNQ/bd/blockdesign_inst_0/ipshared/b0f2/hdl/xlconstant_v1_1_vl_rfs.v'. Please regenerate to continue.
WARNING: [IP_Flow 19-3664] IP 'blockdesign_inst_0_max_score_0' generated file not found 'd:/_code/Git/Fontys/CSA/CSA2-pong/pong-digitaal/fontys-pong/fontys-pong.gen/sources_1/bd/ZYNQ/bd/blockdesign_inst_0/ipshared/b0f2/hdl/xlconstant_v1_1_vl_rfs.v'. Please regenerate to continue.
WARNING: [IP_Flow 19-3664] IP 'blockdesign_inst_0_score_seg_size_x_0' generated file not found 'd:/_code/Git/Fontys/CSA/CSA2-pong/pong-digitaal/fontys-pong/fontys-pong.gen/sources_1/bd/ZYNQ/bd/blockdesign_inst_0/ipshared/b0f2/hdl/xlconstant_v1_1_vl_rfs.v'. Please regenerate to continue.
WARNING: [IP_Flow 19-3664] IP 'blockdesign_inst_0_score_seg_size_x_0' generated file not found 'd:/_code/Git/Fontys/CSA/CSA2-pong/pong-digitaal/fontys-pong/fontys-pong.gen/sources_1/bd/ZYNQ/bd/blockdesign_inst_0/ipshared/b0f2/hdl/xlconstant_v1_1_vl_rfs.v'. Please regenerate to continue.
WARNING: [IP_Flow 19-3664] IP 'blockdesign_inst_0_score_seg_size_y_0' generated file not found 'd:/_code/Git/Fontys/CSA/CSA2-pong/pong-digitaal/fontys-pong/fontys-pong.gen/sources_1/bd/ZYNQ/bd/blockdesign_inst_0/ipshared/b0f2/hdl/xlconstant_v1_1_vl_rfs.v'. Please regenerate to continue.
WARNING: [IP_Flow 19-3664] IP 'blockdesign_inst_0_score_seg_size_y_0' generated file not found 'd:/_code/Git/Fontys/CSA/CSA2-pong/pong-digitaal/fontys-pong/fontys-pong.gen/sources_1/bd/ZYNQ/bd/blockdesign_inst_0/ipshared/b0f2/hdl/xlconstant_v1_1_vl_rfs.v'. Please regenerate to continue.
WARNING: [IP_Flow 19-3664] IP 'blockdesign_inst_0_scoreboard_center_offset_0' generated file not found 'd:/_code/Git/Fontys/CSA/CSA2-pong/pong-digitaal/fontys-pong/fontys-pong.gen/sources_1/bd/ZYNQ/bd/blockdesign_inst_0/ipshared/b0f2/hdl/xlconstant_v1_1_vl_rfs.v'. Please regenerate to continue.
WARNING: [IP_Flow 19-3664] IP 'blockdesign_inst_0_scoreboard_center_offset_0' generated file not found 'd:/_code/Git/Fontys/CSA/CSA2-pong/pong-digitaal/fontys-pong/fontys-pong.gen/sources_1/bd/ZYNQ/bd/blockdesign_inst_0/ipshared/b0f2/hdl/xlconstant_v1_1_vl_rfs.v'. Please regenerate to continue.
WARNING: [IP_Flow 19-3664] IP 'blockdesign_inst_0_scoreboard_top_offset_0' generated file not found 'd:/_code/Git/Fontys/CSA/CSA2-pong/pong-digitaal/fontys-pong/fontys-pong.gen/sources_1/bd/ZYNQ/bd/blockdesign_inst_0/ipshared/b0f2/hdl/xlconstant_v1_1_vl_rfs.v'. Please regenerate to continue.
WARNING: [IP_Flow 19-3664] IP 'blockdesign_inst_0_scoreboard_top_offset_0' generated file not found 'd:/_code/Git/Fontys/CSA/CSA2-pong/pong-digitaal/fontys-pong/fontys-pong.gen/sources_1/bd/ZYNQ/bd/blockdesign_inst_0/ipshared/b0f2/hdl/xlconstant_v1_1_vl_rfs.v'. Please regenerate to continue.
WARNING: [IP_Flow 19-3664] IP 'blockdesign_inst_0_clk_wiz_0_0' generated file not found 'd:/_code/Git/Fontys/CSA/CSA2-pong/pong-digitaal/fontys-pong/fontys-pong.gen/sources_1/bd/ZYNQ/bd/blockdesign_inst_0/ipshared/30ef/mmcm_pll_drp_func_7s_mmcm.vh'. Please regenerate to continue.
WARNING: [IP_Flow 19-3664] IP 'blockdesign_inst_0_clk_wiz_0_0' generated file not found 'd:/_code/Git/Fontys/CSA/CSA2-pong/pong-digitaal/fontys-pong/fontys-pong.gen/sources_1/bd/ZYNQ/bd/blockdesign_inst_0/ipshared/30ef/mmcm_pll_drp_func_7s_pll.vh'. Please regenerate to continue.
WARNING: [IP_Flow 19-3664] IP 'blockdesign_inst_0_clk_wiz_0_0' generated file not found 'd:/_code/Git/Fontys/CSA/CSA2-pong/pong-digitaal/fontys-pong/fontys-pong.gen/sources_1/bd/ZYNQ/bd/blockdesign_inst_0/ipshared/30ef/mmcm_pll_drp_func_us_mmcm.vh'. Please regenerate to continue.
WARNING: [IP_Flow 19-3664] IP 'blockdesign_inst_0_clk_wiz_0_0' generated file not found 'd:/_code/Git/Fontys/CSA/CSA2-pong/pong-digitaal/fontys-pong/fontys-pong.gen/sources_1/bd/ZYNQ/bd/blockdesign_inst_0/ipshared/30ef/mmcm_pll_drp_func_us_pll.vh'. Please regenerate to continue.
WARNING: [IP_Flow 19-3664] IP 'blockdesign_inst_0_clk_wiz_0_0' generated file not found 'd:/_code/Git/Fontys/CSA/CSA2-pong/pong-digitaal/fontys-pong/fontys-pong.gen/sources_1/bd/ZYNQ/bd/blockdesign_inst_0/ipshared/30ef/mmcm_pll_drp_func_us_plus_pll.vh'. Please regenerate to continue.
WARNING: [IP_Flow 19-3664] IP 'blockdesign_inst_0_clk_wiz_0_0' generated file not found 'd:/_code/Git/Fontys/CSA/CSA2-pong/pong-digitaal/fontys-pong/fontys-pong.gen/sources_1/bd/ZYNQ/bd/blockdesign_inst_0/ipshared/30ef/mmcm_pll_drp_func_us_plus_mmcm.vh'. Please regenerate to continue.
WARNING: [IP_Flow 19-3664] IP 'blockdesign_inst_0_clk_wiz_0_0' generated file not found 'd:/_code/Git/Fontys/CSA/CSA2-pong/pong-digitaal/fontys-pong/fontys-pong.gen/sources_1/bd/ZYNQ/bd/blockdesign_inst_0/ipshared/30ef/mmcm_pll_drp_func_7s_mmcm.vh'. Please regenerate to continue.
WARNING: [IP_Flow 19-3664] IP 'blockdesign_inst_0_clk_wiz_0_0' generated file not found 'd:/_code/Git/Fontys/CSA/CSA2-pong/pong-digitaal/fontys-pong/fontys-pong.gen/sources_1/bd/ZYNQ/bd/blockdesign_inst_0/ipshared/30ef/mmcm_pll_drp_func_7s_pll.vh'. Please regenerate to continue.
WARNING: [IP_Flow 19-3664] IP 'blockdesign_inst_0_clk_wiz_0_0' generated file not found 'd:/_code/Git/Fontys/CSA/CSA2-pong/pong-digitaal/fontys-pong/fontys-pong.gen/sources_1/bd/ZYNQ/bd/blockdesign_inst_0/ipshared/30ef/mmcm_pll_drp_func_us_mmcm.vh'. Please regenerate to continue.
WARNING: [IP_Flow 19-3664] IP 'blockdesign_inst_0_clk_wiz_0_0' generated file not found 'd:/_code/Git/Fontys/CSA/CSA2-pong/pong-digitaal/fontys-pong/fontys-pong.gen/sources_1/bd/ZYNQ/bd/blockdesign_inst_0/ipshared/30ef/mmcm_pll_drp_func_us_pll.vh'. Please regenerate to continue.
WARNING: [IP_Flow 19-3664] IP 'blockdesign_inst_0_clk_wiz_0_0' generated file not found 'd:/_code/Git/Fontys/CSA/CSA2-pong/pong-digitaal/fontys-pong/fontys-pong.gen/sources_1/bd/ZYNQ/bd/blockdesign_inst_0/ipshared/30ef/mmcm_pll_drp_func_us_plus_pll.vh'. Please regenerate to continue.
WARNING: [IP_Flow 19-3664] IP 'blockdesign_inst_0_clk_wiz_0_0' generated file not found 'd:/_code/Git/Fontys/CSA/CSA2-pong/pong-digitaal/fontys-pong/fontys-pong.gen/sources_1/bd/ZYNQ/bd/blockdesign_inst_0/ipshared/30ef/mmcm_pll_drp_func_us_plus_mmcm.vh'. Please regenerate to continue.
WARNING: [IP_Flow 19-3664] IP 'blockdesign_inst_0_v_tc_0_0' generated file not found 'd:/_code/Git/Fontys/CSA/CSA2-pong/pong-digitaal/fontys-pong/fontys-pong.gen/sources_1/bd/ZYNQ/bd/blockdesign_inst_0/ipshared/66ea/hdl/axi_lite_ipif_v3_0_vh_rfs.vhd'. Please regenerate to continue.
WARNING: [IP_Flow 19-3664] IP 'blockdesign_inst_0_v_tc_0_0' generated file not found 'd:/_code/Git/Fontys/CSA/CSA2-pong/pong-digitaal/fontys-pong/fontys-pong.gen/sources_1/bd/ZYNQ/bd/blockdesign_inst_0/ipshared/0350/hdl/v_tc_v6_2_vh_rfs.vhd'. Please regenerate to continue.
WARNING: [IP_Flow 19-3664] IP 'blockdesign_inst_0_v_tc_0_0' generated file not found 'd:/_code/Git/Fontys/CSA/CSA2-pong/pong-digitaal/fontys-pong/fontys-pong.gen/sources_1/bd/ZYNQ/bd/blockdesign_inst_0/ipshared/66ea/hdl/axi_lite_ipif_v3_0_vh_rfs.vhd'. Please regenerate to continue.
WARNING: [IP_Flow 19-3664] IP 'blockdesign_inst_0_v_tc_0_0' generated file not found 'd:/_code/Git/Fontys/CSA/CSA2-pong/pong-digitaal/fontys-pong/fontys-pong.gen/sources_1/bd/ZYNQ/bd/blockdesign_inst_0/ipshared/0350/hdl/v_tc_v6_2_vh_rfs.vhd'. Please regenerate to continue.
WARNING: [IP_Flow 19-3664] IP 'blockdesign_inst_0_zero_0' generated file not found 'd:/_code/Git/Fontys/CSA/CSA2-pong/pong-digitaal/fontys-pong/fontys-pong.gen/sources_1/bd/ZYNQ/bd/blockdesign_inst_0/ipshared/b0f2/hdl/xlconstant_v1_1_vl_rfs.v'. Please regenerate to continue.
WARNING: [IP_Flow 19-3664] IP 'blockdesign_inst_0_zero_0' generated file not found 'd:/_code/Git/Fontys/CSA/CSA2-pong/pong-digitaal/fontys-pong/fontys-pong.gen/sources_1/bd/ZYNQ/bd/blockdesign_inst_0/ipshared/b0f2/hdl/xlconstant_v1_1_vl_rfs.v'. Please regenerate to continue.
WARNING: [IP_Flow 19-3664] IP 'blockdesign_inst_0_one_0' generated file not found 'd:/_code/Git/Fontys/CSA/CSA2-pong/pong-digitaal/fontys-pong/fontys-pong.gen/sources_1/bd/ZYNQ/bd/blockdesign_inst_0/ipshared/b0f2/hdl/xlconstant_v1_1_vl_rfs.v'. Please regenerate to continue.
WARNING: [IP_Flow 19-3664] IP 'blockdesign_inst_0_one_0' generated file not found 'd:/_code/Git/Fontys/CSA/CSA2-pong/pong-digitaal/fontys-pong/fontys-pong.gen/sources_1/bd/ZYNQ/bd/blockdesign_inst_0/ipshared/b0f2/hdl/xlconstant_v1_1_vl_rfs.v'. Please regenerate to continue.
WARNING: [IP_Flow 19-3664] IP 'blockdesign_inst_0_rgb2dvi_0_0' generated file not found 'd:/_code/Git/Fontys/CSA/CSA2-pong/pong-digitaal/fontys-pong/fontys-pong.gen/sources_1/bd/ZYNQ/bd/blockdesign_inst_0/ipshared/20df/src/ClockGen.vhd'. Please regenerate to continue.
INFO: [Common 17-14] Message 'IP_Flow 19-3664' appears 100 times and further instances of the messages will be disabled. Use the Tcl command set_msg_config to change the current settings.
open_project: Time (s): cpu = 00:00:24 ; elapsed = 00:00:13 . Memory (MB): peak = 2492.703 ; gain = 440.797
update_compile_order -fileset sources_1
open_bd_design {D:/_code/Git/Fontys/CSA/CSA2-pong/pong-digitaal/fontys-pong/fontys-pong.srcs/sources_1/bd/PONG/PONG.bd}
Reading block design file <D:/_code/Git/Fontys/CSA/CSA2-pong/pong-digitaal/fontys-pong/fontys-pong.srcs/sources_1/bd/PONG/PONG.bd>...
Adding component instance block -- xilinx.com:ip:xlconstant:1.1 - ball_size
Adding component instance block -- xilinx.com:ip:xlconstant:1.1 - max_score
Adding component instance block -- xilinx.com:ip:xlconstant:1.1 - paddle_offset_x
Adding component instance block -- xilinx.com:ip:xlconstant:1.1 - paddle_size_x
Adding component instance block -- xilinx.com:ip:xlconstant:1.1 - paddle_size_y
Adding component instance block -- xilinx.com:ip:xlconstant:1.1 - score_seg_size_x
Adding component instance block -- xilinx.com:ip:xlconstant:1.1 - score_seg_size_y
Adding component instance block -- xilinx.com:ip:xlconstant:1.1 - scoreboard_center_offset
Adding component instance block -- xilinx.com:ip:xlconstant:1.1 - scoreboard_top_offset
Adding component instance block -- xilinx.com:ip:xlconstant:1.1 - screen_size_x
Adding component instance block -- xilinx.com:ip:xlconstant:1.1 - screen_size_y
Adding component instance block -- xilinx.com:module_ref:controller_buttons:1.0 - controller_buttons_0
Adding component instance block -- xilinx.com:module_ref:controller_buttons:1.0 - controller_buttons_1
Adding component instance block -- xilinx.com:module_ref:clk_divider:1.0 - clk_divider_1
Adding component instance block -- xilinx.com:module_ref:controller_interconnect:1.0 - controller_interconn_0
Adding component instance block -- xilinx.com:module_ref:controller_ultrasonic_hcsr04:1.0 - controller_ultrasoni_0
Adding component instance block -- xilinx.com:module_ref:controller_ultrasonic_hcsr04:1.0 - controller_ultrasoni_1
Adding component instance block -- xilinx.com:module_ref:pixel_counter:1.0 - pixel_counter_0
Adding component instance block -- xilinx.com:module_ref:color_generator:1.0 - color_generator_0
Adding component instance block -- xilinx.com:module_ref:video_buffer:1.0 - video_buffer_0
Adding component instance block -- xilinx.com:module_ref:paint_rectangle:1.0 - paint_rectangle_0
Adding component instance block -- xilinx.com:module_ref:paint_rectangle:1.0 - paint_rectangle_1
Adding component instance block -- xilinx.com:module_ref:paint_rectangle:1.0 - paint_rectangle_2
Adding component instance block -- xilinx.com:module_ref:paint_rectangle:1.0 - paint_rectangle_3
Adding component instance block -- xilinx.com:module_ref:paint_rectangle:1.0 - paint_rectangle_4
Adding component instance block -- xilinx.com:module_ref:paint_rectangle:1.0 - paint_rectangle_5
Adding component instance block -- xilinx.com:module_ref:paint_rectangle:1.0 - paint_rectangle_6
Adding component instance block -- xilinx.com:module_ref:seven_seg_display_controller:1.0 - seven_seg_display_co_0
Adding component instance block -- xilinx.com:module_ref:paint_rectangle:1.0 - paint_rectangle_0
Adding component instance block -- xilinx.com:module_ref:paint_rectangle:1.0 - paint_rectangle_1
Adding component instance block -- xilinx.com:module_ref:paint_rectangle:1.0 - paint_rectangle_2
Adding component instance block -- xilinx.com:module_ref:paint_rectangle:1.0 - paint_rectangle_3
Adding component instance block -- xilinx.com:module_ref:paint_rectangle:1.0 - paint_rectangle_4
Adding component instance block -- xilinx.com:module_ref:paint_rectangle:1.0 - paint_rectangle_5
Adding component instance block -- xilinx.com:module_ref:paint_rectangle:1.0 - paint_rectangle_6
Adding component instance block -- xilinx.com:module_ref:seven_seg_display_controller:1.0 - seven_seg_display_co_0
Adding component instance block -- xilinx.com:module_ref:scoreboard_controller:1.0 - scoreboard_controller_0
Adding component instance block -- xilinx.com:module_ref:score_counter:1.0 - score_counter_0
Adding component instance block -- xilinx.com:module_ref:collision_detection:1.0 - collision_detection_0
Adding component instance block -- xilinx.com:module_ref:position_ball:1.0 - position_ball_0
Adding component instance block -- xilinx.com:module_ref:clk_divider:1.0 - clk_divider_0
Adding component instance block -- xilinx.com:module_ref:position_paddles:1.0 - position_paddles_0
Adding component instance block -- xilinx.com:module_ref:paint_centerline:1.0 - paint_centerline_0
Adding component instance block -- xilinx.com:module_ref:paint_rectangle:1.0 - paint_ball
Adding component instance block -- xilinx.com:module_ref:paint_rectangle:1.0 - paint_paddle_l
Adding component instance block -- xilinx.com:module_ref:paint_rectangle:1.0 - paint_paddle_r
Adding component instance block -- xilinx.com:ip:clk_wiz:6.0 - clk_wiz_0
Adding component instance block -- xilinx.com:ip:xlconstant:1.1 - one
Adding component instance block -- digilentinc.com:ip:rgb2dvi:1.4 - rgb2dvi_0
Adding component instance block -- xilinx.com:ip:util_vector_logic:2.0 - util_vector_logic_1
Adding component instance block -- xilinx.com:ip:util_vector_logic:2.0 - util_vector_logic_2
Adding component instance block -- xilinx.com:ip:v_tc:6.2 - v_tc_0
Adding component instance block -- xilinx.com:ip:xlconstant:1.1 - zero
Successfully read diagram <PONG> from block design file <D:/_code/Git/Fontys/CSA/CSA2-pong/pong-digitaal/fontys-pong/fontys-pong.srcs/sources_1/bd/PONG/PONG.bd>
report_ip_status -name ip_status 
upgrade_ip [get_ips  {PONG_max_score_0 PONG_util_vector_logic_1_0 PONG_paint_paddle_l_0 PONG_zero_0 PONG_score_seg_size_y_0 PONG_paint_rectangle_3_0 PONG_color_generator_0_0 PONG_paint_rectangle_1_0 PONG_paint_rectangle_2_0 PONG_video_buffer_0_0 PONG_clk_divider_1_0 PONG_paint_rectangle_2_1 PONG_controller_buttons_1_0 PONG_paint_paddle_r_0 PONG_paint_rectangle_1_1 PONG_score_counter_0_0 PONG_scoreboard_top_offset_0 PONG_clk_wiz_0_0 PONG_paddle_offset_x_0 PONG_paint_rectangle_3_1 PONG_ball_size_0 PONG_paint_rectangle_6_1 PONG_util_vector_logic_2_0 PONG_paddle_size_y_0 PONG_paint_rectangle_0_1 PONG_clk_divider_0_0 PONG_paddle_size_x_0 PONG_rgb2dvi_0_0 PONG_collision_detection_0_0 PONG_pixel_counter_0_0 PONG_paint_rectangle_0_0 PONG_screen_size_y_0 PONG_paint_rectangle_4_1 PONG_paint_rectangle_5_1 PONG_position_ball_0_0 PONG_score_seg_size_x_0 PONG_one_0 PONG_paint_centerline_0_0 PONG_paint_rectangle_4_0 PONG_controller_interconn_0_0 PONG_paint_rectangle_5_0 PONG_screen_size_x_0 PONG_position_paddles_0_0 PONG_controller_buttons_0_0 PONG_paint_ball_0 PONG_paint_rectangle_6_0 PONG_v_tc_0_0 PONG_scoreboard_center_offset_0}] -log ip_upgrade.log
INFO: [IP_Flow 19-5107] Inferred bus interface 'reset' of definition 'xilinx.com:signal:reset:1.0' (from Xilinx Repository).
INFO: [IP_Flow 19-5107] Inferred bus interface 'reset' of definition 'xilinx.com:signal:reset:1.0' (from Xilinx Repository).
INFO: [IP_Flow 19-5107] Inferred bus interface 'reset' of definition 'xilinx.com:signal:reset:1.0' (from Xilinx Repository).
INFO: [IP_Flow 19-5107] Inferred bus interface 'clk' of definition 'xilinx.com:signal:clock:1.0' (from Xilinx Repository).
INFO: [IP_Flow 19-4728] Bus Interface 'clk': Added interface parameter 'ASSOCIATED_RESET' with value 'reset'.
WARNING: [IP_Flow 19-5661] Bus Interface 'clk' does not have any bus interfaces associated with it.
WARNING: [IP_Flow 19-11770] Clock interface 'clk' has no FREQ_HZ parameter.
INFO: [IP_Flow 19-5107] Inferred bus interface 'reset' of definition 'xilinx.com:signal:reset:1.0' (from Xilinx Repository).
INFO: [IP_Flow 19-5107] Inferred bus interface 'clk' of definition 'xilinx.com:signal:clock:1.0' (from Xilinx Repository).
INFO: [IP_Flow 19-4728] Bus Interface 'clk': Added interface parameter 'ASSOCIATED_RESET' with value 'reset'.
WARNING: [IP_Flow 19-5661] Bus Interface 'clk' does not have any bus interfaces associated with it.
WARNING: [IP_Flow 19-11770] Clock interface 'clk' has no FREQ_HZ parameter.
INFO: [IP_Flow 19-5107] Inferred bus interface 'clk' of definition 'xilinx.com:signal:clock:1.0' (from Xilinx Repository).
WARNING: [IP_Flow 19-5661] Bus Interface 'clk' does not have any bus interfaces associated with it.
WARNING: [IP_Flow 19-11770] Clock interface 'clk' has no FREQ_HZ parameter.
INFO: [IP_Flow 19-5107] Inferred bus interface 'clk' of definition 'xilinx.com:signal:clock:1.0' (from Xilinx Repository).
WARNING: [IP_Flow 19-5661] Bus Interface 'clk' does not have any bus interfaces associated with it.
WARNING: [IP_Flow 19-11770] Clock interface 'clk' has no FREQ_HZ parameter.
INFO: [IP_Flow 19-5107] Inferred bus interface 'clk' of definition 'xilinx.com:signal:clock:1.0' (from Xilinx Repository).
WARNING: [IP_Flow 19-5661] Bus Interface 'clk' does not have any bus interfaces associated with it.
WARNING: [IP_Flow 19-11770] Clock interface 'clk' has no FREQ_HZ parameter.
INFO: [IP_Flow 19-5107] Inferred bus interface 'clk' of definition 'xilinx.com:signal:clock:1.0' (from Xilinx Repository).
WARNING: [IP_Flow 19-5661] Bus Interface 'clk' does not have any bus interfaces associated with it.
WARNING: [IP_Flow 19-11770] Clock interface 'clk' has no FREQ_HZ parameter.
INFO: [IP_Flow 19-5107] Inferred bus interface 'clk' of definition 'xilinx.com:signal:clock:1.0' (from Xilinx Repository).
WARNING: [IP_Flow 19-5661] Bus Interface 'clk' does not have any bus interfaces associated with it.
WARNING: [IP_Flow 19-11770] Clock interface 'clk' has no FREQ_HZ parameter.
INFO: [IP_Flow 19-5107] Inferred bus interface 'clk' of definition 'xilinx.com:signal:clock:1.0' (from Xilinx Repository).
WARNING: [IP_Flow 19-5661] Bus Interface 'clk' does not have any bus interfaces associated with it.
WARNING: [IP_Flow 19-11770] Clock interface 'clk' has no FREQ_HZ parameter.
INFO: [IP_Flow 19-5107] Inferred bus interface 'clk' of definition 'xilinx.com:signal:clock:1.0' (from Xilinx Repository).
WARNING: [IP_Flow 19-5661] Bus Interface 'clk' does not have any bus interfaces associated with it.
WARNING: [IP_Flow 19-11770] Clock interface 'clk' has no FREQ_HZ parameter.
INFO: [IP_Flow 19-5107] Inferred bus interface 'clk' of definition 'xilinx.com:signal:clock:1.0' (from Xilinx Repository).
WARNING: [IP_Flow 19-5661] Bus Interface 'clk' does not have any bus interfaces associated with it.
WARNING: [IP_Flow 19-11770] Clock interface 'clk' has no FREQ_HZ parameter.
INFO: [IP_Flow 19-5107] Inferred bus interface 'clk' of definition 'xilinx.com:signal:clock:1.0' (from Xilinx Repository).
WARNING: [IP_Flow 19-5661] Bus Interface 'clk' does not have any bus interfaces associated with it.
WARNING: [IP_Flow 19-11770] Clock interface 'clk' has no FREQ_HZ parameter.
INFO: [IP_Flow 19-5107] Inferred bus interface 'clk' of definition 'xilinx.com:signal:clock:1.0' (from Xilinx Repository).
WARNING: [IP_Flow 19-5661] Bus Interface 'clk' does not have any bus interfaces associated with it.
WARNING: [IP_Flow 19-11770] Clock interface 'clk' has no FREQ_HZ parameter.
INFO: [IP_Flow 19-5107] Inferred bus interface 'clk' of definition 'xilinx.com:signal:clock:1.0' (from Xilinx Repository).
WARNING: [IP_Flow 19-5661] Bus Interface 'clk' does not have any bus interfaces associated with it.
WARNING: [IP_Flow 19-11770] Clock interface 'clk' has no FREQ_HZ parameter.
INFO: [IP_Flow 19-5107] Inferred bus interface 'clk' of definition 'xilinx.com:signal:clock:1.0' (from Xilinx Repository).
WARNING: [IP_Flow 19-5661] Bus Interface 'clk' does not have any bus interfaces associated with it.
WARNING: [IP_Flow 19-11770] Clock interface 'clk' has no FREQ_HZ parameter.
INFO: [IP_Flow 19-5107] Inferred bus interface 'clk' of definition 'xilinx.com:signal:clock:1.0' (from Xilinx Repository).
WARNING: [IP_Flow 19-5661] Bus Interface 'clk' does not have any bus interfaces associated with it.
WARNING: [IP_Flow 19-11770] Clock interface 'clk' has no FREQ_HZ parameter.
INFO: [IP_Flow 19-5107] Inferred bus interface 'clk' of definition 'xilinx.com:signal:clock:1.0' (from Xilinx Repository).
WARNING: [IP_Flow 19-5661] Bus Interface 'clk' does not have any bus interfaces associated with it.
WARNING: [IP_Flow 19-11770] Clock interface 'clk' has no FREQ_HZ parameter.
INFO: [IP_Flow 19-5107] Inferred bus interface 'clk' of definition 'xilinx.com:signal:clock:1.0' (from Xilinx Repository).
WARNING: [IP_Flow 19-5661] Bus Interface 'clk' does not have any bus interfaces associated with it.
WARNING: [IP_Flow 19-11770] Clock interface 'clk' has no FREQ_HZ parameter.
INFO: [IP_Flow 19-5107] Inferred bus interface 'clk' of definition 'xilinx.com:signal:clock:1.0' (from Xilinx Repository).
WARNING: [IP_Flow 19-5661] Bus Interface 'clk' does not have any bus interfaces associated with it.
WARNING: [IP_Flow 19-11770] Clock interface 'clk' has no FREQ_HZ parameter.
INFO: [IP_Flow 19-5107] Inferred bus interface 'clk' of definition 'xilinx.com:signal:clock:1.0' (from Xilinx Repository).
WARNING: [IP_Flow 19-5661] Bus Interface 'clk' does not have any bus interfaces associated with it.
WARNING: [IP_Flow 19-11770] Clock interface 'clk' has no FREQ_HZ parameter.
INFO: [IP_Flow 19-5107] Inferred bus interface 'clk' of definition 'xilinx.com:signal:clock:1.0' (from Xilinx Repository).
WARNING: [IP_Flow 19-5661] Bus Interface 'clk' does not have any bus interfaces associated with it.
WARNING: [IP_Flow 19-11770] Clock interface 'clk' has no FREQ_HZ parameter.
INFO: [IP_Flow 19-5107] Inferred bus interface 'reset' of definition 'xilinx.com:signal:reset:1.0' (from Xilinx Repository).
INFO: [IP_Flow 19-5107] Inferred bus interface 'clk' of definition 'xilinx.com:signal:clock:1.0' (from Xilinx Repository).
INFO: [IP_Flow 19-4728] Bus Interface 'clk': Added interface parameter 'ASSOCIATED_RESET' with value 'reset'.
WARNING: [IP_Flow 19-5661] Bus Interface 'clk' does not have any bus interfaces associated with it.
WARNING: [IP_Flow 19-11770] Clock interface 'clk' has no FREQ_HZ parameter.
INFO: [IP_Flow 19-5107] Inferred bus interface 'game_reset' of definition 'xilinx.com:signal:reset:1.0' (from Xilinx Repository).
INFO: [IP_Flow 19-5107] Inferred bus interface 'reset' of definition 'xilinx.com:signal:reset:1.0' (from Xilinx Repository).
INFO: [IP_Flow 19-5107] Inferred bus interface 'clk' of definition 'xilinx.com:signal:clock:1.0' (from Xilinx Repository).
INFO: [IP_Flow 19-4728] Bus Interface 'clk': Added interface parameter 'ASSOCIATED_RESET' with value 'reset'.
WARNING: [IP_Flow 19-5661] Bus Interface 'clk' does not have any bus interfaces associated with it.
WARNING: [IP_Flow 19-11770] Clock interface 'clk' has no FREQ_HZ parameter.
INFO: [IP_Flow 19-5107] Inferred bus interface 'pixel_clk' of definition 'xilinx.com:signal:clock:1.0' (from Xilinx Repository).
WARNING: [IP_Flow 19-5661] Bus Interface 'pixel_clk' does not have any bus interfaces associated with it.
WARNING: [IP_Flow 19-11770] Clock interface 'pixel_clk' has no FREQ_HZ parameter.
Upgrading 'D:/_code/Git/Fontys/CSA/CSA2-pong/pong-digitaal/fontys-pong/fontys-pong.srcs/sources_1/bd/PONG/PONG.bd'
INFO: [IP_Flow 19-3420] Updated PONG_ball_size_0 to use current project options
INFO: [IP_Flow 19-3420] Updated PONG_clk_divider_0_0 to use current project options
INFO: [IP_Flow 19-3420] Updated PONG_clk_divider_1_0 to use current project options
INFO: [Device 21-403] Loading part xc7z020clg400-1
INFO: [IP_Flow 19-3420] Updated PONG_clk_wiz_0_0 to use current project options
INFO: [IP_Flow 19-3420] Updated PONG_collision_detection_0_0 to use current project options
INFO: [IP_Flow 19-3420] Updated PONG_color_generator_0_0 to use current project options
INFO: [IP_Flow 19-3420] Updated PONG_controller_buttons_0_0 to use current project options
INFO: [IP_Flow 19-3420] Updated PONG_controller_buttons_1_0 to use current project options
INFO: [IP_Flow 19-3420] Updated PONG_controller_interconn_0_0 to use current project options
INFO: [IP_Flow 19-3420] Updated PONG_max_score_0 to use current project options
INFO: [IP_Flow 19-3420] Updated PONG_one_0 to use current project options
INFO: [IP_Flow 19-3420] Updated PONG_paddle_offset_x_0 to use current project options
INFO: [IP_Flow 19-3420] Updated PONG_paddle_size_x_0 to use current project options
INFO: [IP_Flow 19-3420] Updated PONG_paddle_size_y_0 to use current project options
INFO: [IP_Flow 19-3420] Updated PONG_paint_ball_0 to use current project options
INFO: [IP_Flow 19-3420] Updated PONG_paint_centerline_0_0 to use current project options
INFO: [IP_Flow 19-3420] Updated PONG_paint_paddle_l_0 to use current project options
INFO: [IP_Flow 19-3420] Updated PONG_paint_paddle_r_0 to use current project options
INFO: [IP_Flow 19-3420] Updated PONG_paint_rectangle_0_0 to use current project options
INFO: [IP_Flow 19-3420] Updated PONG_paint_rectangle_0_1 to use current project options
INFO: [IP_Flow 19-3420] Updated PONG_paint_rectangle_1_0 to use current project options
INFO: [IP_Flow 19-3420] Updated PONG_paint_rectangle_1_1 to use current project options
INFO: [IP_Flow 19-3420] Updated PONG_paint_rectangle_2_0 to use current project options
INFO: [IP_Flow 19-3420] Updated PONG_paint_rectangle_2_1 to use current project options
INFO: [IP_Flow 19-3420] Updated PONG_paint_rectangle_3_0 to use current project options
INFO: [IP_Flow 19-3420] Updated PONG_paint_rectangle_3_1 to use current project options
INFO: [IP_Flow 19-3420] Updated PONG_paint_rectangle_4_0 to use current project options
INFO: [IP_Flow 19-3420] Updated PONG_paint_rectangle_4_1 to use current project options
INFO: [IP_Flow 19-3420] Updated PONG_paint_rectangle_5_0 to use current project options
INFO: [IP_Flow 19-3420] Updated PONG_paint_rectangle_5_1 to use current project options
INFO: [IP_Flow 19-3420] Updated PONG_paint_rectangle_6_0 to use current project options
INFO: [IP_Flow 19-3420] Updated PONG_paint_rectangle_6_1 to use current project options
INFO: [IP_Flow 19-3420] Updated PONG_pixel_counter_0_0 to use current project options
INFO: [IP_Flow 19-3420] Updated PONG_position_ball_0_0 to use current project options
INFO: [IP_Flow 19-3420] Updated PONG_position_paddles_0_0 to use current project options
INFO: [IP_Flow 19-3420] Updated PONG_rgb2dvi_0_0 to use current project options
INFO: [IP_Flow 19-3420] Updated PONG_score_counter_0_0 to use current project options
INFO: [IP_Flow 19-3420] Updated PONG_score_seg_size_x_0 to use current project options
INFO: [IP_Flow 19-3420] Updated PONG_score_seg_size_y_0 to use current project options
INFO: [IP_Flow 19-3420] Updated PONG_scoreboard_center_offset_0 to use current project options
INFO: [IP_Flow 19-3420] Updated PONG_scoreboard_top_offset_0 to use current project options
INFO: [IP_Flow 19-3420] Updated PONG_screen_size_x_0 to use current project options
INFO: [IP_Flow 19-3420] Updated PONG_screen_size_y_0 to use current project options
INFO: [IP_Flow 19-3420] Updated PONG_util_vector_logic_1_0 to use current project options
INFO: [IP_Flow 19-3420] Updated PONG_util_vector_logic_2_0 to use current project options
INFO: [IP_Flow 19-3420] Updated PONG_v_tc_0_0 to use current project options
INFO: [IP_Flow 19-3420] Updated PONG_video_buffer_0_0 to use current project options
INFO: [IP_Flow 19-3420] Updated PONG_zero_0 to use current project options
Wrote  : <D:\_code\Git\Fontys\CSA\CSA2-pong\pong-digitaal\fontys-pong\fontys-pong.srcs\sources_1\bd\PONG\PONG.bd> 
Wrote  : <D:/_code/Git/Fontys/CSA/CSA2-pong/pong-digitaal/fontys-pong/fontys-pong.srcs/sources_1/bd/PONG/ui/bd_3408a7b8.ui> 
INFO: [Coretcl 2-1525] Wrote upgrade log to 'D:/_code/Git/Fontys/CSA/CSA2-pong/pong-digitaal/fontys-pong/ip_upgrade.log'.
upgrade_ip: Time (s): cpu = 00:00:10 ; elapsed = 00:00:13 . Memory (MB): peak = 3113.883 ; gain = 477.020
export_ip_user_files -of_objects [get_ips {PONG_max_score_0 PONG_util_vector_logic_1_0 PONG_paint_paddle_l_0 PONG_zero_0 PONG_score_seg_size_y_0 PONG_paint_rectangle_3_0 PONG_color_generator_0_0 PONG_paint_rectangle_1_0 PONG_paint_rectangle_2_0 PONG_video_buffer_0_0 PONG_clk_divider_1_0 PONG_paint_rectangle_2_1 PONG_controller_buttons_1_0 PONG_paint_paddle_r_0 PONG_paint_rectangle_1_1 PONG_score_counter_0_0 PONG_scoreboard_top_offset_0 PONG_clk_wiz_0_0 PONG_paddle_offset_x_0 PONG_paint_rectangle_3_1 PONG_ball_size_0 PONG_paint_rectangle_6_1 PONG_util_vector_logic_2_0 PONG_paddle_size_y_0 PONG_paint_rectangle_0_1 PONG_clk_divider_0_0 PONG_paddle_size_x_0 PONG_rgb2dvi_0_0 PONG_collision_detection_0_0 PONG_pixel_counter_0_0 PONG_paint_rectangle_0_0 PONG_screen_size_y_0 PONG_paint_rectangle_4_1 PONG_paint_rectangle_5_1 PONG_position_ball_0_0 PONG_score_seg_size_x_0 PONG_one_0 PONG_paint_centerline_0_0 PONG_paint_rectangle_4_0 PONG_controller_interconn_0_0 PONG_paint_rectangle_5_0 PONG_screen_size_x_0 PONG_position_paddles_0_0 PONG_controller_buttons_0_0 PONG_paint_ball_0 PONG_paint_rectangle_6_0 PONG_v_tc_0_0 PONG_scoreboard_center_offset_0}] -no_script -sync -force -quiet
generate_target all [get_files  D:/_code/Git/Fontys/CSA/CSA2-pong/pong-digitaal/fontys-pong/fontys-pong.srcs/sources_1/bd/PONG/PONG.bd]
INFO: [xilinx.com:ip:clk_wiz:6.0-1] /clk_wiz_0 clk_wiz propagate
Wrote  : <D:\_code\Git\Fontys\CSA\CSA2-pong\pong-digitaal\fontys-pong\fontys-pong.srcs\sources_1\bd\PONG\PONG.bd> 
VHDL Output written to : d:/_code/Git/Fontys/CSA/CSA2-pong/pong-digitaal/fontys-pong/fontys-pong.gen/sources_1/bd/PONG/synth/PONG.vhd
VHDL Output written to : d:/_code/Git/Fontys/CSA/CSA2-pong/pong-digitaal/fontys-pong/fontys-pong.gen/sources_1/bd/PONG/sim/PONG.vhd
VHDL Output written to : d:/_code/Git/Fontys/CSA/CSA2-pong/pong-digitaal/fontys-pong/fontys-pong.gen/sources_1/bd/PONG/hdl/PONG_wrapper.vhd
INFO: [BD 41-1029] Generation completed for the IP Integrator block Constants/ball_size .
INFO: [BD 41-1029] Generation completed for the IP Integrator block Constants/max_score .
INFO: [BD 41-1029] Generation completed for the IP Integrator block Constants/paddle_offset_x .
INFO: [BD 41-1029] Generation completed for the IP Integrator block Constants/paddle_size_x .
INFO: [BD 41-1029] Generation completed for the IP Integrator block Constants/paddle_size_y .
INFO: [BD 41-1029] Generation completed for the IP Integrator block Constants/score_seg_size_x .
INFO: [BD 41-1029] Generation completed for the IP Integrator block Constants/score_seg_size_y .
INFO: [BD 41-1029] Generation completed for the IP Integrator block Constants/scoreboard_center_offset .
INFO: [BD 41-1029] Generation completed for the IP Integrator block Constants/scoreboard_top_offset .
INFO: [BD 41-1029] Generation completed for the IP Integrator block Constants/screen_size_x .
INFO: [BD 41-1029] Generation completed for the IP Integrator block Constants/screen_size_y .
INFO: [BD 41-1029] Generation completed for the IP Integrator block controllers/controller_buttons_0 .
INFO: [BD 41-1029] Generation completed for the IP Integrator block controllers/controller_buttons_1 .
INFO: [BD 41-1029] Generation completed for the IP Integrator block controllers/clk_divider_1 .
INFO: [BD 41-1029] Generation completed for the IP Integrator block controllers/controller_interconn_0 .
INFO: [BD 41-1029] Generation completed for the IP Integrator block controllers/controller_ultrasoni_0 .
INFO: [BD 41-1029] Generation completed for the IP Integrator block controllers/controller_ultrasoni_1 .
INFO: [BD 41-1029] Generation completed for the IP Integrator block pixel_counter_0 .
INFO: [BD 41-1029] Generation completed for the IP Integrator block color_generator_0 .
INFO: [BD 41-1029] Generation completed for the IP Integrator block video_buffer_0 .
INFO: [BD 41-1029] Generation completed for the IP Integrator block paint_scoreboard/paint_seg_l/paint_rectangle_0 .
INFO: [BD 41-1029] Generation completed for the IP Integrator block paint_scoreboard/paint_seg_l/paint_rectangle_1 .
INFO: [BD 41-1029] Generation completed for the IP Integrator block paint_scoreboard/paint_seg_l/paint_rectangle_2 .
INFO: [BD 41-1029] Generation completed for the IP Integrator block paint_scoreboard/paint_seg_l/paint_rectangle_3 .
INFO: [BD 41-1029] Generation completed for the IP Integrator block paint_scoreboard/paint_seg_l/paint_rectangle_4 .
INFO: [BD 41-1029] Generation completed for the IP Integrator block paint_scoreboard/paint_seg_l/paint_rectangle_5 .
INFO: [BD 41-1029] Generation completed for the IP Integrator block paint_scoreboard/paint_seg_l/paint_rectangle_6 .
INFO: [BD 41-1029] Generation completed for the IP Integrator block paint_scoreboard/paint_seg_l/seven_seg_display_co_0 .
INFO: [BD 41-1029] Generation completed for the IP Integrator block paint_scoreboard/paint_seg_r/paint_rectangle_0 .
INFO: [BD 41-1029] Generation completed for the IP Integrator block paint_scoreboard/paint_seg_r/paint_rectangle_1 .
INFO: [BD 41-1029] Generation completed for the IP Integrator block paint_scoreboard/paint_seg_r/paint_rectangle_2 .
INFO: [BD 41-1029] Generation completed for the IP Integrator block paint_scoreboard/paint_seg_r/paint_rectangle_3 .
INFO: [BD 41-1029] Generation completed for the IP Integrator block paint_scoreboard/paint_seg_r/paint_rectangle_4 .
INFO: [BD 41-1029] Generation completed for the IP Integrator block paint_scoreboard/paint_seg_r/paint_rectangle_5 .
INFO: [BD 41-1029] Generation completed for the IP Integrator block paint_scoreboard/paint_seg_r/paint_rectangle_6 .
INFO: [BD 41-1029] Generation completed for the IP Integrator block paint_scoreboard/paint_seg_r/seven_seg_display_co_0 .
INFO: [BD 41-1029] Generation completed for the IP Integrator block paint_scoreboard/scoreboard_controller_0 .
INFO: [BD 41-1029] Generation completed for the IP Integrator block score_counter_0 .
INFO: [BD 41-1029] Generation completed for the IP Integrator block collision_detection_0 .
INFO: [BD 41-1029] Generation completed for the IP Integrator block position_ball_0 .
INFO: [BD 41-1029] Generation completed for the IP Integrator block clk_divider_0 .
INFO: [BD 41-1029] Generation completed for the IP Integrator block position_paddles_0 .
INFO: [BD 41-1029] Generation completed for the IP Integrator block paint_centerline_0 .
INFO: [BD 41-1029] Generation completed for the IP Integrator block paint_ball .
INFO: [BD 41-1029] Generation completed for the IP Integrator block paint_paddle_l .
INFO: [BD 41-1029] Generation completed for the IP Integrator block paint_paddle_r .
INFO: [BD 41-1029] Generation completed for the IP Integrator block clk_wiz_0 .
INFO: [BD 41-1029] Generation completed for the IP Integrator block one .
INFO: [BD 41-1029] Generation completed for the IP Integrator block rgb2dvi_0 .
INFO: [BD 41-1029] Generation completed for the IP Integrator block util_vector_logic_1 .
INFO: [BD 41-1029] Generation completed for the IP Integrator block util_vector_logic_2 .
INFO: [BD 41-1029] Generation completed for the IP Integrator block v_tc_0 .
INFO: [BD 41-1029] Generation completed for the IP Integrator block zero .
Exporting to file d:/_code/Git/Fontys/CSA/CSA2-pong/pong-digitaal/fontys-pong/fontys-pong.gen/sources_1/bd/PONG/hw_handoff/PONG.hwh
Generated Hardware Definition File d:/_code/Git/Fontys/CSA/CSA2-pong/pong-digitaal/fontys-pong/fontys-pong.gen/sources_1/bd/PONG/synth/PONG.hwdef
generate_target: Time (s): cpu = 00:00:05 ; elapsed = 00:00:06 . Memory (MB): peak = 3140.691 ; gain = 26.809
export_ip_user_files -of_objects [get_files D:/_code/Git/Fontys/CSA/CSA2-pong/pong-digitaal/fontys-pong/fontys-pong.srcs/sources_1/bd/PONG/PONG.bd] -no_script -sync -force -quiet
export_simulation -of_objects [get_files D:/_code/Git/Fontys/CSA/CSA2-pong/pong-digitaal/fontys-pong/fontys-pong.srcs/sources_1/bd/PONG/PONG.bd] -directory D:/_code/Git/Fontys/CSA/CSA2-pong/pong-digitaal/fontys-pong/fontys-pong.ip_user_files/sim_scripts -ip_user_files_dir D:/_code/Git/Fontys/CSA/CSA2-pong/pong-digitaal/fontys-pong/fontys-pong.ip_user_files -ipstatic_source_dir D:/_code/Git/Fontys/CSA/CSA2-pong/pong-digitaal/fontys-pong/fontys-pong.ip_user_files/ipstatic -lib_map_path [list {modelsim=D:/_code/Git/Fontys/CSA/CSA2-pong/pong-digitaal/fontys-pong/fontys-pong.cache/compile_simlib/modelsim} {questa=D:/_code/Git/Fontys/CSA/CSA2-pong/pong-digitaal/fontys-pong/fontys-pong.cache/compile_simlib/questa} {riviera=D:/_code/Git/Fontys/CSA/CSA2-pong/pong-digitaal/fontys-pong/fontys-pong.cache/compile_simlib/riviera} {activehdl=D:/_code/Git/Fontys/CSA/CSA2-pong/pong-digitaal/fontys-pong/fontys-pong.cache/compile_simlib/activehdl}] -use_ip_compiled_libs -force -quiet
report_ip_status -name ip_status 
open_bd_design D:/_code/Git/Fontys/CSA/CSA2-pong/pong-digitaal/fontys-pong/fontys-pong.srcs/sources_1/bd/ZYNQ/ZYNQ.bd
Reading block design file <D:/_code/Git/Fontys/CSA/CSA2-pong/pong-digitaal/fontys-pong/fontys-pong.srcs/sources_1/bd/ZYNQ/ZYNQ.bd>...
Adding component instance block -- xilinx.com:ip:clk_wiz:6.0 - clk_wiz
Adding Block Design Container - blockdesign_0
Successfully read diagram <ZYNQ> from block design file <D:/_code/Git/Fontys/CSA/CSA2-pong/pong-digitaal/fontys-pong/fontys-pong.srcs/sources_1/bd/ZYNQ/ZYNQ.bd>
upgrade_bd_cells [get_bd_cells blockdesign_0]
Wrote  : <D:/_code/Git/Fontys/CSA/CSA2-pong/pong-digitaal/fontys-pong/fontys-pong.srcs/sources_1/bd/PONG/ui/bd_3408a7b8.ui> 
Wrote  : <D:\_code\Git\Fontys\CSA\CSA2-pong\pong-digitaal\fontys-pong\fontys-pong.gen\sources_1\bd\ZYNQ\bd\blockdesign_inst_0\blockdesign_inst_0.bd> 
Wrote  : <D:\_code\Git\Fontys\CSA\CSA2-pong\pong-digitaal\fontys-pong\fontys-pong.gen\sources_1\bd\ZYNQ\bd\blockdesign_inst_0\blockdesign_inst_0.bd> 
Wrote  : <D:/_code/Git/Fontys/CSA/CSA2-pong/pong-digitaal/fontys-pong/fontys-pong.gen/sources_1/bd/ZYNQ/bd/blockdesign_inst_0/ui/bd_d193abcb.ui> 
Wrote  : <D:/_code/Git/Fontys/CSA/CSA2-pong/pong-digitaal/fontys-pong/fontys-pong.gen/sources_1/bd/ZYNQ/bd/blockdesign_inst_0/ui/bd_cf723bd1.ui> 
Wrote  : <D:\_code\Git\Fontys\CSA\CSA2-pong\pong-digitaal\fontys-pong\fontys-pong.gen\sources_1\bd\ZYNQ\bd\blockdesign_inst_0\blockdesign_inst_0.bd> 
Wrote  : <D:/_code/Git/Fontys/CSA/CSA2-pong/pong-digitaal/fontys-pong/fontys-pong.gen/sources_1/bd/ZYNQ/bd/blockdesign_inst_0/ui/bd_d193abcb.ui> 
Wrote  : <D:/_code/Git/Fontys/CSA/CSA2-pong/pong-digitaal/fontys-pong/fontys-pong.gen/sources_1/bd/ZYNQ/bd/blockdesign_inst_0/ui/bd_1c52ff04.ui> 
save_bd_design
Wrote  : <D:\_code\Git\Fontys\CSA\CSA2-pong\pong-digitaal\fontys-pong\fontys-pong.gen\sources_1\bd\ZYNQ\bd\blockdesign_inst_0\blockdesign_inst_0.bd> 
Wrote  : <D:/_code/Git/Fontys/CSA/CSA2-pong/pong-digitaal/fontys-pong/fontys-pong.gen/sources_1/bd/ZYNQ/bd/blockdesign_inst_0/ui/bd_d193abcb.ui> 
Wrote  : <D:/_code/Git/Fontys/CSA/CSA2-pong/pong-digitaal/fontys-pong/fontys-pong.gen/sources_1/bd/ZYNQ/bd/blockdesign_inst_0/ui/bd_1c52ff04.ui> 
Wrote  : <D:\_code\Git\Fontys\CSA\CSA2-pong\pong-digitaal\fontys-pong\fontys-pong.srcs\sources_1\bd\ZYNQ\ZYNQ.bd> 
Wrote  : <D:/_code/Git/Fontys/CSA/CSA2-pong/pong-digitaal/fontys-pong/fontys-pong.srcs/sources_1/bd/ZYNQ/ui/bd_a4e6de9a.ui> 
report_ip_status -name ip_status 
update_compile_order -fileset sources_1
current_bd_design [get_bd_designs PONG]
open_bd_design {D:/_code/Git/Fontys/CSA/CSA2-pong/pong-digitaal/fontys-pong/fontys-pong.srcs/sources_1/bd/PONG/PONG.bd}
open_bd_design {D:/_code/Git/Fontys/CSA/CSA2-pong/pong-digitaal/fontys-pong/fontys-pong.srcs/sources_1/bd/ZYNQ/ZYNQ.bd}
current_bd_design [get_bd_designs PONG]
exit
INFO: [Common 17-206] Exiting Vivado at Fri Feb 21 17:05:00 2025...
