
*** Running vivado
    with args -log blockdesign_position_paddles_0_0.vds -m64 -product Vivado -mode batch -messageDb vivado.pb -notrace -source blockdesign_position_paddles_0_0.tcl



****** Vivado v2023.1 (64-bit)
  **** SW Build 3865809 on Sun May  7 15:05:29 MDT 2023
  **** IP Build 3864474 on Sun May  7 20:36:21 MDT 2023
  **** SharedData Build 3865790 on Sun May 07 13:33:03 MDT 2023
    ** Copyright 1986-2022 Xilinx, Inc. All Rights Reserved.
    ** Copyright 2022-2023 Advanced Micro Devices, Inc. All Rights Reserved.

source blockdesign_position_paddles_0_0.tcl -notrace
create_project: Time (s): cpu = 00:00:03 ; elapsed = 00:00:08 . Memory (MB): peak = 1364.652 ; gain = 160.598
INFO: [IP_Flow 19-234] Refreshing IP repositories
INFO: [IP_Flow 19-1700] Loaded user IP repository 'd:/Vivado/vivado-library-zmod-v1-2019.1-2'.
INFO: [IP_Flow 19-2313] Loaded Vivado IP repository 'D:/Xilinx/Vivado/2023.1/data/ip'.
INFO: [IP_Flow 19-6924] IPCACHE: Running cache check for IP inst: blockdesign_position_paddles_0_0
Command: synth_design -top blockdesign_position_paddles_0_0 -part xc7z020clg400-1 -incremental_mode off -mode out_of_context
Starting synth_design
Attempting to get a license for feature 'Synthesis' and/or device 'xc7z020'
INFO: [Common 17-349] Got license for feature 'Synthesis' and/or device 'xc7z020'
INFO: [Device 21-403] Loading part xc7z020clg400-1
INFO: [Synth 8-7079] Multithreading enabled for synth_design using a maximum of 2 processes.
INFO: [Synth 8-7078] Launching helper process for spawning children vivado processes
INFO: [Synth 8-7075] Helper process launched with PID 3204
---------------------------------------------------------------------------------
Starting RTL Elaboration : Time (s): cpu = 00:00:03 ; elapsed = 00:00:08 . Memory (MB): peak = 2231.176 ; gain = 409.480
---------------------------------------------------------------------------------
INFO: [Synth 8-638] synthesizing module 'blockdesign_position_paddles_0_0' [c:/Users/Jochem/GitHub/Fontys/pong-digitaal/fontys-pong/fontys-pong.gen/sources_1/bd/blockdesign/ip/blockdesign_position_paddles_0_0/synth/blockdesign_position_paddles_0_0.vhd:72]
INFO: [Synth 8-3491] module 'position_paddles' declared at 'C:/Users/Jochem/GitHub/Fontys/pong-digitaal/fontys-pong/fontys-pong.srcs/sources_1/new/position_paddles.vhd:7' bound to instance 'U0' of component 'position_paddles' [c:/Users/Jochem/GitHub/Fontys/pong-digitaal/fontys-pong/fontys-pong.gen/sources_1/bd/blockdesign/ip/blockdesign_position_paddles_0_0/synth/blockdesign_position_paddles_0_0.vhd:99]
INFO: [Synth 8-638] synthesizing module 'position_paddles' [C:/Users/Jochem/GitHub/Fontys/pong-digitaal/fontys-pong/fontys-pong.srcs/sources_1/new/position_paddles.vhd:21]
INFO: [Synth 8-256] done synthesizing module 'position_paddles' (0#1) [C:/Users/Jochem/GitHub/Fontys/pong-digitaal/fontys-pong/fontys-pong.srcs/sources_1/new/position_paddles.vhd:21]
INFO: [Synth 8-256] done synthesizing module 'blockdesign_position_paddles_0_0' (0#1) [c:/Users/Jochem/GitHub/Fontys/pong-digitaal/fontys-pong/fontys-pong.gen/sources_1/bd/blockdesign/ip/blockdesign_position_paddles_0_0/synth/blockdesign_position_paddles_0_0.vhd:72]
---------------------------------------------------------------------------------
Finished RTL Elaboration : Time (s): cpu = 00:00:04 ; elapsed = 00:00:10 . Memory (MB): peak = 2323.016 ; gain = 501.320
---------------------------------------------------------------------------------
---------------------------------------------------------------------------------
Start Handling Custom Attributes
---------------------------------------------------------------------------------
---------------------------------------------------------------------------------
Finished Handling Custom Attributes : Time (s): cpu = 00:00:04 ; elapsed = 00:00:10 . Memory (MB): peak = 2340.934 ; gain = 519.238
---------------------------------------------------------------------------------
---------------------------------------------------------------------------------
Finished RTL Optimization Phase 1 : Time (s): cpu = 00:00:04 ; elapsed = 00:00:10 . Memory (MB): peak = 2340.934 ; gain = 519.238
---------------------------------------------------------------------------------
Netlist sorting complete. Time (s): cpu = 00:00:00 ; elapsed = 00:00:00.002 . Memory (MB): peak = 2340.934 ; gain = 0.000
INFO: [Project 1-570] Preparing netlist for logic optimization

Processing XDC Constraints
Initializing timing engine
Completed Processing XDC Constraints

Netlist sorting complete. Time (s): cpu = 00:00:00 ; elapsed = 00:00:00 . Memory (MB): peak = 2405.148 ; gain = 0.000
INFO: [Project 1-111] Unisim Transformation Summary:
No Unisim elements were transformed.

Constraint Validation Runtime : Time (s): cpu = 00:00:00 ; elapsed = 00:00:00.026 . Memory (MB): peak = 2405.152 ; gain = 0.004
INFO: [Designutils 20-5008] Incremental synthesis strategy off
---------------------------------------------------------------------------------
Finished Constraint Validation : Time (s): cpu = 00:00:07 ; elapsed = 00:00:20 . Memory (MB): peak = 2405.152 ; gain = 583.457
---------------------------------------------------------------------------------
---------------------------------------------------------------------------------
Start Loading Part and Timing Information
---------------------------------------------------------------------------------
Loading part: xc7z020clg400-1
---------------------------------------------------------------------------------
Finished Loading Part and Timing Information : Time (s): cpu = 00:00:07 ; elapsed = 00:00:20 . Memory (MB): peak = 2405.152 ; gain = 583.457
---------------------------------------------------------------------------------
---------------------------------------------------------------------------------
Start Applying 'set_property' XDC Constraints
---------------------------------------------------------------------------------
---------------------------------------------------------------------------------
Finished applying 'set_property' XDC Constraints : Time (s): cpu = 00:00:07 ; elapsed = 00:00:20 . Memory (MB): peak = 2405.152 ; gain = 583.457
---------------------------------------------------------------------------------
---------------------------------------------------------------------------------
Finished RTL Optimization Phase 2 : Time (s): cpu = 00:00:07 ; elapsed = 00:00:20 . Memory (MB): peak = 2405.152 ; gain = 583.457
---------------------------------------------------------------------------------
---------------------------------------------------------------------------------
Start RTL Component Statistics 
---------------------------------------------------------------------------------
Detailed RTL Component Info : 
+---Adders : 
	   3 Input   11 Bit       Adders := 1     
	   4 Input   11 Bit       Adders := 1     
---------------------------------------------------------------------------------
Finished RTL Component Statistics 
---------------------------------------------------------------------------------
---------------------------------------------------------------------------------
Start Part Resource Summary
---------------------------------------------------------------------------------
Part Resources:
DSPs: 220 (col length:60)
BRAMs: 280 (col length: RAMB18 60 RAMB36 30)
---------------------------------------------------------------------------------
Finished Part Resource Summary
---------------------------------------------------------------------------------
---------------------------------------------------------------------------------
Start Cross Boundary and Area Optimization
---------------------------------------------------------------------------------
WARNING: [Synth 8-7080] Parallel synthesis criteria is not met
DSP Report: Generating DSP U0/paddle_l_pos_y0, operation Mode is: A*B.
DSP Report: operator U0/paddle_l_pos_y0 is absorbed into DSP U0/paddle_l_pos_y0.
DSP Report: Generating DSP U0/paddle_r_pos_y0, operation Mode is: A*B.
DSP Report: operator U0/paddle_r_pos_y0 is absorbed into DSP U0/paddle_r_pos_y0.
---------------------------------------------------------------------------------
Finished Cross Boundary and Area Optimization : Time (s): cpu = 00:00:08 ; elapsed = 00:00:22 . Memory (MB): peak = 2405.152 ; gain = 583.457
---------------------------------------------------------------------------------
---------------------------------------------------------------------------------
Start ROM, RAM, DSP, Shift Register and Retiming Reporting
---------------------------------------------------------------------------------

DSP: Preliminary Mapping Report (see note below. The ' indicates corresponding REG is set)
+-----------------+-------------+--------+--------+--------+--------+--------+------+------+------+------+-------+------+------+
|Module Name      | DSP Mapping | A Size | B Size | C Size | D Size | P Size | AREG | BREG | CREG | DREG | ADREG | MREG | PREG | 
+-----------------+-------------+--------+--------+--------+--------+--------+------+------+------+------+-------+------+------+
|position_paddles | A*B         | 11     | 9      | -      | -      | 20     | 0    | 0    | -    | -    | -     | 0    | 0    | 
|position_paddles | A*B         | 11     | 9      | -      | -      | 20     | 0    | 0    | -    | -    | -     | 0    | 0    | 
+-----------------+-------------+--------+--------+--------+--------+--------+------+------+------+------+-------+------+------+

Note: The table above is a preliminary report that shows the DSPs inferred at the current stage of the synthesis flow. Some DSP may be reimplemented as non DSP primitives later in the synthesis flow. Multiple instantiated DSPs are reported only once.
---------------------------------------------------------------------------------
Finished ROM, RAM, DSP, Shift Register and Retiming Reporting
---------------------------------------------------------------------------------
---------------------------------------------------------------------------------
Start Applying XDC Timing Constraints
---------------------------------------------------------------------------------
---------------------------------------------------------------------------------
Finished Applying XDC Timing Constraints : Time (s): cpu = 00:00:12 ; elapsed = 00:00:34 . Memory (MB): peak = 2405.152 ; gain = 583.457
---------------------------------------------------------------------------------
---------------------------------------------------------------------------------
Start Timing Optimization
---------------------------------------------------------------------------------
---------------------------------------------------------------------------------
Finished Timing Optimization : Time (s): cpu = 00:00:12 ; elapsed = 00:00:34 . Memory (MB): peak = 2405.152 ; gain = 583.457
---------------------------------------------------------------------------------
---------------------------------------------------------------------------------
Start Technology Mapping
---------------------------------------------------------------------------------
---------------------------------------------------------------------------------
Finished Technology Mapping : Time (s): cpu = 00:00:12 ; elapsed = 00:00:34 . Memory (MB): peak = 2405.152 ; gain = 583.457
---------------------------------------------------------------------------------
---------------------------------------------------------------------------------
Start IO Insertion
---------------------------------------------------------------------------------
---------------------------------------------------------------------------------
Start Flattening Before IO Insertion
---------------------------------------------------------------------------------
---------------------------------------------------------------------------------
Finished Flattening Before IO Insertion
---------------------------------------------------------------------------------
---------------------------------------------------------------------------------
Start Final Netlist Cleanup
---------------------------------------------------------------------------------
---------------------------------------------------------------------------------
Finished Final Netlist Cleanup
---------------------------------------------------------------------------------
---------------------------------------------------------------------------------
Finished IO Insertion : Time (s): cpu = 00:00:14 ; elapsed = 00:00:40 . Memory (MB): peak = 2405.152 ; gain = 583.457
---------------------------------------------------------------------------------
---------------------------------------------------------------------------------
Start Renaming Generated Instances
---------------------------------------------------------------------------------
---------------------------------------------------------------------------------
Finished Renaming Generated Instances : Time (s): cpu = 00:00:14 ; elapsed = 00:00:40 . Memory (MB): peak = 2405.152 ; gain = 583.457
---------------------------------------------------------------------------------
---------------------------------------------------------------------------------
Start Rebuilding User Hierarchy
---------------------------------------------------------------------------------
---------------------------------------------------------------------------------
Finished Rebuilding User Hierarchy : Time (s): cpu = 00:00:14 ; elapsed = 00:00:40 . Memory (MB): peak = 2405.152 ; gain = 583.457
---------------------------------------------------------------------------------
---------------------------------------------------------------------------------
Start Renaming Generated Ports
---------------------------------------------------------------------------------
---------------------------------------------------------------------------------
Finished Renaming Generated Ports : Time (s): cpu = 00:00:14 ; elapsed = 00:00:40 . Memory (MB): peak = 2405.152 ; gain = 583.457
---------------------------------------------------------------------------------
---------------------------------------------------------------------------------
Start Handling Custom Attributes
---------------------------------------------------------------------------------
---------------------------------------------------------------------------------
Finished Handling Custom Attributes : Time (s): cpu = 00:00:14 ; elapsed = 00:00:40 . Memory (MB): peak = 2405.152 ; gain = 583.457
---------------------------------------------------------------------------------
---------------------------------------------------------------------------------
Start Renaming Generated Nets
---------------------------------------------------------------------------------
---------------------------------------------------------------------------------
Finished Renaming Generated Nets : Time (s): cpu = 00:00:14 ; elapsed = 00:00:40 . Memory (MB): peak = 2405.152 ; gain = 583.457
---------------------------------------------------------------------------------
---------------------------------------------------------------------------------
Start Writing Synthesis Report
---------------------------------------------------------------------------------

DSP Final Report (the ' indicates corresponding REG is set)
+-----------------+-------------+--------+--------+--------+--------+--------+------+------+------+------+-------+------+------+
|Module Name      | DSP Mapping | A Size | B Size | C Size | D Size | P Size | AREG | BREG | CREG | DREG | ADREG | MREG | PREG | 
+-----------------+-------------+--------+--------+--------+--------+--------+------+------+------+------+-------+------+------+
|position_paddles | A*B         | 11     | 9      | -      | -      | 20     | 0    | 0    | -    | -    | -     | 0    | 0    | 
|position_paddles | A*B         | 11     | 9      | -      | -      | 20     | 0    | 0    | -    | -    | -     | 0    | 0    | 
+-----------------+-------------+--------+--------+--------+--------+--------+------+------+------+------+-------+------+------+


Report BlackBoxes: 
+-+--------------+----------+
| |BlackBox name |Instances |
+-+--------------+----------+
+-+--------------+----------+

Report Cell Usage: 
+------+--------+------+
|      |Cell    |Count |
+------+--------+------+
|1     |CARRY4  |    66|
|2     |DSP48E1 |     2|
|3     |LUT1    |    30|
|4     |LUT2    |   131|
|5     |LUT3    |    36|
|6     |LUT4    |    77|
|7     |LUT5    |    24|
|8     |LUT6    |     1|
+------+--------+------+
---------------------------------------------------------------------------------
Finished Writing Synthesis Report : Time (s): cpu = 00:00:14 ; elapsed = 00:00:40 . Memory (MB): peak = 2405.152 ; gain = 583.457
---------------------------------------------------------------------------------
Synthesis finished with 0 errors, 0 critical warnings and 1 warnings.
Synthesis Optimization Runtime : Time (s): cpu = 00:00:09 ; elapsed = 00:00:38 . Memory (MB): peak = 2405.152 ; gain = 519.238
Synthesis Optimization Complete : Time (s): cpu = 00:00:14 ; elapsed = 00:00:40 . Memory (MB): peak = 2405.152 ; gain = 583.457
INFO: [Project 1-571] Translating synthesized netlist
Netlist sorting complete. Time (s): cpu = 00:00:00 ; elapsed = 00:00:00.006 . Memory (MB): peak = 2405.152 ; gain = 0.000
INFO: [Netlist 29-17] Analyzing 68 Unisim elements for replacement
INFO: [Netlist 29-28] Unisim Transformation completed in 0 CPU seconds
INFO: [Project 1-570] Preparing netlist for logic optimization
INFO: [Opt 31-138] Pushed 0 inverter(s) to 0 load pin(s).
Netlist sorting complete. Time (s): cpu = 00:00:00 ; elapsed = 00:00:00 . Memory (MB): peak = 2407.160 ; gain = 0.000
INFO: [Project 1-111] Unisim Transformation Summary:
No Unisim elements were transformed.

Synth Design complete | Checksum: 4af7c56b
INFO: [Common 17-83] Releasing license: Synthesis
24 Infos, 1 Warnings, 0 Critical Warnings and 0 Errors encountered.
synth_design completed successfully
synth_design: Time (s): cpu = 00:00:17 ; elapsed = 00:00:47 . Memory (MB): peak = 2407.160 ; gain = 989.930
INFO: [Common 17-1381] The checkpoint 'C:/Users/Jochem/GitHub/Fontys/pong-digitaal/fontys-pong/fontys-pong.runs/blockdesign_position_paddles_0_0_synth_1/blockdesign_position_paddles_0_0.dcp' has been generated.
INFO: [Coretcl 2-1648] Added synthesis output to IP cache for IP blockdesign_position_paddles_0_0, cache-ID = 691da5f8c008653b
INFO: [Common 17-1381] The checkpoint 'C:/Users/Jochem/GitHub/Fontys/pong-digitaal/fontys-pong/fontys-pong.runs/blockdesign_position_paddles_0_0_synth_1/blockdesign_position_paddles_0_0.dcp' has been generated.
INFO: [runtcl-4] Executing : report_utilization -file blockdesign_position_paddles_0_0_utilization_synth.rpt -pb blockdesign_position_paddles_0_0_utilization_synth.pb
INFO: [Common 17-206] Exiting Vivado at Mon Mar 25 18:34:15 2024...
