
*** Running vivado
    with args -log blockdesign_paint_rectangle_2_0.vds -m64 -product Vivado -mode batch -messageDb vivado.pb -notrace -source blockdesign_paint_rectangle_2_0.tcl



****** Vivado v2023.1 (64-bit)
  **** SW Build 3865809 on Sun May  7 15:05:29 MDT 2023
  **** IP Build 3864474 on Sun May  7 20:36:21 MDT 2023
  **** SharedData Build 3865790 on Sun May 07 13:33:03 MDT 2023
    ** Copyright 1986-2022 Xilinx, Inc. All Rights Reserved.
    ** Copyright 2022-2023 Advanced Micro Devices, Inc. All Rights Reserved.

source blockdesign_paint_rectangle_2_0.tcl -notrace
create_project: Time (s): cpu = 00:00:13 ; elapsed = 00:00:23 . Memory (MB): peak = 1365.605 ; gain = 160.590
INFO: [IP_Flow 19-234] Refreshing IP repositories
INFO: [IP_Flow 19-1700] Loaded user IP repository 'd:/Vivado/vivado-library-zmod-v1-2019.1-2'.
INFO: [IP_Flow 19-2313] Loaded Vivado IP repository 'D:/Xilinx/Vivado/2023.1/data/ip'.
INFO: [IP_Flow 19-6924] IPCACHE: Running cache check for IP inst: blockdesign_paint_rectangle_2_0
INFO: [IP_Flow 19-6922] IPCACHE: Exporting cached entry 508e79ba6a2b5542 to dir: C:/Users/Jochem/GitHub/Fontys/pong-digitaal/fontys-pong/fontys-pong.runs/blockdesign_paint_rectangle_2_0_synth_1
INFO: [IP_Flow 19-6928] IPCACHE: copied cached file c:/Users/Jochem/GitHub/Fontys/pong-digitaal/fontys-pong/fontys-pong.cache/ip/2023.1/5/0/508e79ba6a2b5542/blockdesign_paint_rectangle_1_0.dcp to C:/Users/Jochem/GitHub/Fontys/pong-digitaal/fontys-pong/fontys-pong.runs/blockdesign_paint_rectangle_2_0_synth_1/blockdesign_paint_rectangle_2_0.dcp.
INFO: [IP_Flow 19-6928] IPCACHE: copied cached file c:/Users/Jochem/GitHub/Fontys/pong-digitaal/fontys-pong/fontys-pong.cache/ip/2023.1/5/0/508e79ba6a2b5542/blockdesign_paint_rectangle_1_0_sim_netlist.v to C:/Users/Jochem/GitHub/Fontys/pong-digitaal/fontys-pong/fontys-pong.runs/blockdesign_paint_rectangle_2_0_synth_1/blockdesign_paint_rectangle_2_0_sim_netlist.v.
INFO: [IP_Flow 19-6928] IPCACHE: copied cached file c:/Users/Jochem/GitHub/Fontys/pong-digitaal/fontys-pong/fontys-pong.cache/ip/2023.1/5/0/508e79ba6a2b5542/blockdesign_paint_rectangle_1_0_sim_netlist.vhdl to C:/Users/Jochem/GitHub/Fontys/pong-digitaal/fontys-pong/fontys-pong.runs/blockdesign_paint_rectangle_2_0_synth_1/blockdesign_paint_rectangle_2_0_sim_netlist.vhdl.
INFO: [IP_Flow 19-6928] IPCACHE: copied cached file c:/Users/Jochem/GitHub/Fontys/pong-digitaal/fontys-pong/fontys-pong.cache/ip/2023.1/5/0/508e79ba6a2b5542/blockdesign_paint_rectangle_1_0_stub.v to C:/Users/Jochem/GitHub/Fontys/pong-digitaal/fontys-pong/fontys-pong.runs/blockdesign_paint_rectangle_2_0_synth_1/blockdesign_paint_rectangle_2_0_stub.v.
INFO: [IP_Flow 19-6928] IPCACHE: copied cached file c:/Users/Jochem/GitHub/Fontys/pong-digitaal/fontys-pong/fontys-pong.cache/ip/2023.1/5/0/508e79ba6a2b5542/blockdesign_paint_rectangle_1_0_stub.vhdl to C:/Users/Jochem/GitHub/Fontys/pong-digitaal/fontys-pong/fontys-pong.runs/blockdesign_paint_rectangle_2_0_synth_1/blockdesign_paint_rectangle_2_0_stub.vhdl.
INFO: [IP_Flow 19-4838] Using cached IP synthesis design for IP blockdesign_paint_rectangle_2_0, cache-ID = 508e79ba6a2b5542.
INFO: [Common 17-206] Exiting Vivado at Mon Mar 25 18:23:01 2024...
