
*** Running vivado
    with args -log blockdesign_pixel_counter_0_0.vds -m64 -product Vivado -mode batch -messageDb vivado.pb -notrace -source blockdesign_pixel_counter_0_0.tcl



****** Vivado v2023.1 (64-bit)
  **** SW Build 3865809 on Sun May  7 15:05:29 MDT 2023
  **** IP Build 3864474 on Sun May  7 20:36:21 MDT 2023
  **** SharedData Build 3865790 on Sun May 07 13:33:03 MDT 2023
    ** Copyright 1986-2022 Xilinx, Inc. All Rights Reserved.
    ** Copyright 2022-2023 Advanced Micro Devices, Inc. All Rights Reserved.

source blockdesign_pixel_counter_0_0.tcl -notrace
create_project: Time (s): cpu = 00:00:14 ; elapsed = 00:00:23 . Memory (MB): peak = 1364.273 ; gain = 160.156
INFO: [IP_Flow 19-234] Refreshing IP repositories
INFO: [IP_Flow 19-1700] Loaded user IP repository 'd:/Vivado/vivado-library-zmod-v1-2019.1-2'.
INFO: [IP_Flow 19-2313] Loaded Vivado IP repository 'D:/Xilinx/Vivado/2023.1/data/ip'.
INFO: [IP_Flow 19-6924] IPCACHE: Running cache check for IP inst: blockdesign_pixel_counter_0_0
Command: synth_design -top blockdesign_pixel_counter_0_0 -part xc7z020clg400-1 -incremental_mode off -mode out_of_context
Starting synth_design
Attempting to get a license for feature 'Synthesis' and/or device 'xc7z020'
INFO: [Common 17-349] Got license for feature 'Synthesis' and/or device 'xc7z020'
INFO: [Device 21-403] Loading part xc7z020clg400-1
INFO: [Synth 8-7079] Multithreading enabled for synth_design using a maximum of 2 processes.
INFO: [Synth 8-7078] Launching helper process for spawning children vivado processes
INFO: [Synth 8-7075] Helper process launched with PID 11428
---------------------------------------------------------------------------------
Starting RTL Elaboration : Time (s): cpu = 00:00:09 ; elapsed = 00:00:18 . Memory (MB): peak = 2229.680 ; gain = 409.340
---------------------------------------------------------------------------------
INFO: [Synth 8-638] synthesizing module 'blockdesign_pixel_counter_0_0' [c:/Users/Jochem/GitHub/Fontys/pong-digitaal/fontys-pong/fontys-pong.gen/sources_1/bd/blockdesign/ip/blockdesign_pixel_counter_0_0/synth/blockdesign_pixel_counter_0_0.vhd:72]
INFO: [Synth 8-3491] module 'pixel_counter' declared at 'C:/Users/Jochem/GitHub/Fontys/pong-digitaal/fontys-pong/fontys-pong.srcs/sources_1/new/pixel_counter.vhd:6' bound to instance 'U0' of component 'pixel_counter' [c:/Users/Jochem/GitHub/Fontys/pong-digitaal/fontys-pong/fontys-pong.gen/sources_1/bd/blockdesign/ip/blockdesign_pixel_counter_0_0/synth/blockdesign_pixel_counter_0_0.vhd:99]
INFO: [Synth 8-638] synthesizing module 'pixel_counter' [C:/Users/Jochem/GitHub/Fontys/pong-digitaal/fontys-pong/fontys-pong.srcs/sources_1/new/pixel_counter.vhd:22]
INFO: [Synth 8-256] done synthesizing module 'pixel_counter' (0#1) [C:/Users/Jochem/GitHub/Fontys/pong-digitaal/fontys-pong/fontys-pong.srcs/sources_1/new/pixel_counter.vhd:22]
INFO: [Synth 8-256] done synthesizing module 'blockdesign_pixel_counter_0_0' (0#1) [c:/Users/Jochem/GitHub/Fontys/pong-digitaal/fontys-pong/fontys-pong.gen/sources_1/bd/blockdesign/ip/blockdesign_pixel_counter_0_0/synth/blockdesign_pixel_counter_0_0.vhd:72]
WARNING: [Synth 8-6014] Unused sequential element hsync_o_reg was removed.  [C:/Users/Jochem/GitHub/Fontys/pong-digitaal/fontys-pong/fontys-pong.srcs/sources_1/new/pixel_counter.vhd:48]
---------------------------------------------------------------------------------
Finished RTL Elaboration : Time (s): cpu = 00:00:10 ; elapsed = 00:00:21 . Memory (MB): peak = 2321.320 ; gain = 500.980
---------------------------------------------------------------------------------
---------------------------------------------------------------------------------
Start Handling Custom Attributes
---------------------------------------------------------------------------------
---------------------------------------------------------------------------------
Finished Handling Custom Attributes : Time (s): cpu = 00:00:10 ; elapsed = 00:00:21 . Memory (MB): peak = 2339.238 ; gain = 518.898
---------------------------------------------------------------------------------
---------------------------------------------------------------------------------
Finished RTL Optimization Phase 1 : Time (s): cpu = 00:00:10 ; elapsed = 00:00:21 . Memory (MB): peak = 2339.238 ; gain = 518.898
---------------------------------------------------------------------------------
Netlist sorting complete. Time (s): cpu = 00:00:00 ; elapsed = 00:00:00 . Memory (MB): peak = 2339.238 ; gain = 0.000
INFO: [Project 1-570] Preparing netlist for logic optimization

Processing XDC Constraints
Initializing timing engine
Completed Processing XDC Constraints

Netlist sorting complete. Time (s): cpu = 00:00:00 ; elapsed = 00:00:00 . Memory (MB): peak = 2439.777 ; gain = 0.000
INFO: [Project 1-111] Unisim Transformation Summary:
No Unisim elements were transformed.

Constraint Validation Runtime : Time (s): cpu = 00:00:00 ; elapsed = 00:00:00.024 . Memory (MB): peak = 2439.797 ; gain = 0.020
INFO: [Designutils 20-5008] Incremental synthesis strategy off
---------------------------------------------------------------------------------
Finished Constraint Validation : Time (s): cpu = 00:00:17 ; elapsed = 00:00:35 . Memory (MB): peak = 2439.797 ; gain = 619.457
---------------------------------------------------------------------------------
---------------------------------------------------------------------------------
Start Loading Part and Timing Information
---------------------------------------------------------------------------------
Loading part: xc7z020clg400-1
---------------------------------------------------------------------------------
Finished Loading Part and Timing Information : Time (s): cpu = 00:00:17 ; elapsed = 00:00:35 . Memory (MB): peak = 2439.797 ; gain = 619.457
---------------------------------------------------------------------------------
---------------------------------------------------------------------------------
Start Applying 'set_property' XDC Constraints
---------------------------------------------------------------------------------
---------------------------------------------------------------------------------
Finished applying 'set_property' XDC Constraints : Time (s): cpu = 00:00:17 ; elapsed = 00:00:35 . Memory (MB): peak = 2439.797 ; gain = 619.457
---------------------------------------------------------------------------------
---------------------------------------------------------------------------------
Finished RTL Optimization Phase 2 : Time (s): cpu = 00:00:18 ; elapsed = 00:00:36 . Memory (MB): peak = 2439.797 ; gain = 619.457
---------------------------------------------------------------------------------
---------------------------------------------------------------------------------
Start RTL Component Statistics 
---------------------------------------------------------------------------------
Detailed RTL Component Info : 
+---Adders : 
	   2 Input   11 Bit       Adders := 2     
+---Registers : 
	               11 Bit    Registers := 4     
	                1 Bit    Registers := 3     
---------------------------------------------------------------------------------
Finished RTL Component Statistics 
---------------------------------------------------------------------------------
---------------------------------------------------------------------------------
Start Part Resource Summary
---------------------------------------------------------------------------------
Part Resources:
DSPs: 220 (col length:60)
BRAMs: 280 (col length: RAMB18 60 RAMB36 30)
---------------------------------------------------------------------------------
Finished Part Resource Summary
---------------------------------------------------------------------------------
---------------------------------------------------------------------------------
Start Cross Boundary and Area Optimization
---------------------------------------------------------------------------------
WARNING: [Synth 8-7080] Parallel synthesis criteria is not met
---------------------------------------------------------------------------------
Finished Cross Boundary and Area Optimization : Time (s): cpu = 00:00:19 ; elapsed = 00:00:39 . Memory (MB): peak = 2439.797 ; gain = 619.457
---------------------------------------------------------------------------------
---------------------------------------------------------------------------------
Start Applying XDC Timing Constraints
---------------------------------------------------------------------------------
---------------------------------------------------------------------------------
Finished Applying XDC Timing Constraints : Time (s): cpu = 00:00:25 ; elapsed = 00:00:50 . Memory (MB): peak = 2439.797 ; gain = 619.457
---------------------------------------------------------------------------------
---------------------------------------------------------------------------------
Start Timing Optimization
---------------------------------------------------------------------------------
---------------------------------------------------------------------------------
Finished Timing Optimization : Time (s): cpu = 00:00:25 ; elapsed = 00:00:50 . Memory (MB): peak = 2439.797 ; gain = 619.457
---------------------------------------------------------------------------------
---------------------------------------------------------------------------------
Start Technology Mapping
---------------------------------------------------------------------------------
---------------------------------------------------------------------------------
Finished Technology Mapping : Time (s): cpu = 00:00:25 ; elapsed = 00:00:50 . Memory (MB): peak = 2439.797 ; gain = 619.457
---------------------------------------------------------------------------------
---------------------------------------------------------------------------------
Start IO Insertion
---------------------------------------------------------------------------------
---------------------------------------------------------------------------------
Start Flattening Before IO Insertion
---------------------------------------------------------------------------------
---------------------------------------------------------------------------------
Finished Flattening Before IO Insertion
---------------------------------------------------------------------------------
---------------------------------------------------------------------------------
Start Final Netlist Cleanup
---------------------------------------------------------------------------------
---------------------------------------------------------------------------------
Finished Final Netlist Cleanup
---------------------------------------------------------------------------------
---------------------------------------------------------------------------------
Finished IO Insertion : Time (s): cpu = 00:00:31 ; elapsed = 00:01:01 . Memory (MB): peak = 2439.797 ; gain = 619.457
---------------------------------------------------------------------------------
---------------------------------------------------------------------------------
Start Renaming Generated Instances
---------------------------------------------------------------------------------
---------------------------------------------------------------------------------
Finished Renaming Generated Instances : Time (s): cpu = 00:00:31 ; elapsed = 00:01:01 . Memory (MB): peak = 2439.797 ; gain = 619.457
---------------------------------------------------------------------------------
---------------------------------------------------------------------------------
Start Rebuilding User Hierarchy
---------------------------------------------------------------------------------
---------------------------------------------------------------------------------
Finished Rebuilding User Hierarchy : Time (s): cpu = 00:00:31 ; elapsed = 00:01:01 . Memory (MB): peak = 2439.797 ; gain = 619.457
---------------------------------------------------------------------------------
---------------------------------------------------------------------------------
Start Renaming Generated Ports
---------------------------------------------------------------------------------
---------------------------------------------------------------------------------
Finished Renaming Generated Ports : Time (s): cpu = 00:00:31 ; elapsed = 00:01:01 . Memory (MB): peak = 2439.797 ; gain = 619.457
---------------------------------------------------------------------------------
---------------------------------------------------------------------------------
Start Handling Custom Attributes
---------------------------------------------------------------------------------
---------------------------------------------------------------------------------
Finished Handling Custom Attributes : Time (s): cpu = 00:00:31 ; elapsed = 00:01:01 . Memory (MB): peak = 2439.797 ; gain = 619.457
---------------------------------------------------------------------------------
---------------------------------------------------------------------------------
Start Renaming Generated Nets
---------------------------------------------------------------------------------
---------------------------------------------------------------------------------
Finished Renaming Generated Nets : Time (s): cpu = 00:00:31 ; elapsed = 00:01:01 . Memory (MB): peak = 2439.797 ; gain = 619.457
---------------------------------------------------------------------------------
---------------------------------------------------------------------------------
Start Writing Synthesis Report
---------------------------------------------------------------------------------

Report BlackBoxes: 
+-+--------------+----------+
| |BlackBox name |Instances |
+-+--------------+----------+
+-+--------------+----------+

Report Cell Usage: 
+------+-----+------+
|      |Cell |Count |
+------+-----+------+
|1     |LUT1 |     2|
|2     |LUT2 |     5|
|3     |LUT3 |     4|
|4     |LUT4 |     4|
|5     |LUT5 |     4|
|6     |LUT6 |     6|
|7     |FDRE |    47|
+------+-----+------+
---------------------------------------------------------------------------------
Finished Writing Synthesis Report : Time (s): cpu = 00:00:31 ; elapsed = 00:01:01 . Memory (MB): peak = 2439.797 ; gain = 619.457
---------------------------------------------------------------------------------
Synthesis finished with 0 errors, 0 critical warnings and 1 warnings.
Synthesis Optimization Runtime : Time (s): cpu = 00:00:19 ; elapsed = 00:00:58 . Memory (MB): peak = 2439.797 ; gain = 518.898
Synthesis Optimization Complete : Time (s): cpu = 00:00:31 ; elapsed = 00:01:01 . Memory (MB): peak = 2439.797 ; gain = 619.457
INFO: [Project 1-571] Translating synthesized netlist
Netlist sorting complete. Time (s): cpu = 00:00:00 ; elapsed = 00:00:00.002 . Memory (MB): peak = 2439.797 ; gain = 0.000
INFO: [Project 1-570] Preparing netlist for logic optimization
INFO: [Opt 31-138] Pushed 0 inverter(s) to 0 load pin(s).
Netlist sorting complete. Time (s): cpu = 00:00:00 ; elapsed = 00:00:00.001 . Memory (MB): peak = 2439.797 ; gain = 0.000
INFO: [Project 1-111] Unisim Transformation Summary:
No Unisim elements were transformed.

Synth Design complete | Checksum: 1bc286ca
INFO: [Common 17-83] Releasing license: Synthesis
22 Infos, 2 Warnings, 0 Critical Warnings and 0 Errors encountered.
synth_design completed successfully
synth_design: Time (s): cpu = 00:00:41 ; elapsed = 00:01:18 . Memory (MB): peak = 2439.797 ; gain = 1023.414
INFO: [Common 17-1381] The checkpoint 'C:/Users/Jochem/GitHub/Fontys/pong-digitaal/fontys-pong/fontys-pong.runs/blockdesign_pixel_counter_0_0_synth_1/blockdesign_pixel_counter_0_0.dcp' has been generated.
INFO: [Coretcl 2-1648] Added synthesis output to IP cache for IP blockdesign_pixel_counter_0_0, cache-ID = 428eed5c10d8f393
INFO: [Common 17-1381] The checkpoint 'C:/Users/Jochem/GitHub/Fontys/pong-digitaal/fontys-pong/fontys-pong.runs/blockdesign_pixel_counter_0_0_synth_1/blockdesign_pixel_counter_0_0.dcp' has been generated.
INFO: [runtcl-4] Executing : report_utilization -file blockdesign_pixel_counter_0_0_utilization_synth.rpt -pb blockdesign_pixel_counter_0_0_utilization_synth.pb
INFO: [Common 17-206] Exiting Vivado at Mon Mar 25 18:24:16 2024...
