
*** Running vivado
    with args -log blockdesign_util_vector_logic_1_2.vds -m64 -product Vivado -mode batch -messageDb vivado.pb -notrace -source blockdesign_util_vector_logic_1_2.tcl



****** Vivado v2023.1 (64-bit)
  **** SW Build 3865809 on Sun May  7 15:05:29 MDT 2023
  **** IP Build 3864474 on Sun May  7 20:36:21 MDT 2023
  **** SharedData Build 3865790 on Sun May 07 13:33:03 MDT 2023
    ** Copyright 1986-2022 Xilinx, Inc. All Rights Reserved.
    ** Copyright 2022-2023 Advanced Micro Devices, Inc. All Rights Reserved.

source blockdesign_util_vector_logic_1_2.tcl -notrace
INFO: [IP_Flow 19-234] Refreshing IP repositories
INFO: [IP_Flow 19-1700] Loaded user IP repository 'd:/_code/Vivado/vivado-library-zmod-v1-2019.1-2'.
INFO: [IP_Flow 19-2313] Loaded Vivado IP repository 'C:/Xilinx/Vivado/2023.1/data/ip'.
WARNING: [IP_Flow 19-4995] The host OS only allows 260 characters in a normal path. The IP cache path is more than 80 characters. If you experience issues with IP caching, please consider changing the IP cache to a location with a shorter path. Alternately consider using the OS subst command to map part of the path to a drive letter. 
Current IP cache path is d:/_code/Git/Fontys/CSA/CSA2-pong/pong-digitaal/fontys-pong_Artix7/fontys-pong_Artix7.cache/ip 
INFO: [IP_Flow 19-6924] IPCACHE: Running cache check for IP inst: blockdesign_util_vector_logic_1_2
INFO: [IP_Flow 19-6922] IPCACHE: Exporting cached entry 3e8bbb4714c12bcc to dir: D:/_code/Git/Fontys/CSA/CSA2-pong/pong-digitaal/fontys-pong_Artix7/fontys-pong_Artix7.runs/blockdesign_util_vector_logic_1_2_synth_1
INFO: [IP_Flow 19-6928] IPCACHE: copied cached file d:/_code/Git/Fontys/CSA/CSA2-pong/pong-digitaal/fontys-pong_Artix7/fontys-pong_Artix7.cache/ip/2023.1/3/e/3e8bbb4714c12bcc/blockdesign_util_vector_logic_0_1.dcp to D:/_code/Git/Fontys/CSA/CSA2-pong/pong-digitaal/fontys-pong_Artix7/fontys-pong_Artix7.runs/blockdesign_util_vector_logic_1_2_synth_1/blockdesign_util_vector_logic_1_2.dcp.
INFO: [IP_Flow 19-6928] IPCACHE: copied cached file d:/_code/Git/Fontys/CSA/CSA2-pong/pong-digitaal/fontys-pong_Artix7/fontys-pong_Artix7.cache/ip/2023.1/3/e/3e8bbb4714c12bcc/blockdesign_util_vector_logic_0_1_sim_netlist.v to D:/_code/Git/Fontys/CSA/CSA2-pong/pong-digitaal/fontys-pong_Artix7/fontys-pong_Artix7.runs/blockdesign_util_vector_logic_1_2_synth_1/blockdesign_util_vector_logic_1_2_sim_netlist.v.
INFO: [IP_Flow 19-6928] IPCACHE: copied cached file d:/_code/Git/Fontys/CSA/CSA2-pong/pong-digitaal/fontys-pong_Artix7/fontys-pong_Artix7.cache/ip/2023.1/3/e/3e8bbb4714c12bcc/blockdesign_util_vector_logic_0_1_sim_netlist.vhdl to D:/_code/Git/Fontys/CSA/CSA2-pong/pong-digitaal/fontys-pong_Artix7/fontys-pong_Artix7.runs/blockdesign_util_vector_logic_1_2_synth_1/blockdesign_util_vector_logic_1_2_sim_netlist.vhdl.
INFO: [IP_Flow 19-6928] IPCACHE: copied cached file d:/_code/Git/Fontys/CSA/CSA2-pong/pong-digitaal/fontys-pong_Artix7/fontys-pong_Artix7.cache/ip/2023.1/3/e/3e8bbb4714c12bcc/blockdesign_util_vector_logic_0_1_stub.v to D:/_code/Git/Fontys/CSA/CSA2-pong/pong-digitaal/fontys-pong_Artix7/fontys-pong_Artix7.runs/blockdesign_util_vector_logic_1_2_synth_1/blockdesign_util_vector_logic_1_2_stub.v.
INFO: [IP_Flow 19-6928] IPCACHE: copied cached file d:/_code/Git/Fontys/CSA/CSA2-pong/pong-digitaal/fontys-pong_Artix7/fontys-pong_Artix7.cache/ip/2023.1/3/e/3e8bbb4714c12bcc/blockdesign_util_vector_logic_0_1_stub.vhdl to D:/_code/Git/Fontys/CSA/CSA2-pong/pong-digitaal/fontys-pong_Artix7/fontys-pong_Artix7.runs/blockdesign_util_vector_logic_1_2_synth_1/blockdesign_util_vector_logic_1_2_stub.vhdl.
INFO: [IP_Flow 19-4838] Using cached IP synthesis design for IP blockdesign_util_vector_logic_1_2, cache-ID = 3e8bbb4714c12bcc.
INFO: [Common 17-206] Exiting Vivado at Mon Apr  1 15:54:17 2024...
