
*** Running vivado
    with args -log blockdesign_paint_rectangle_1_0.vds -m64 -product Vivado -mode batch -messageDb vivado.pb -notrace -source blockdesign_paint_rectangle_1_0.tcl



****** Vivado v2023.1 (64-bit)
  **** SW Build 3865809 on Sun May  7 15:05:29 MDT 2023
  **** IP Build 3864474 on Sun May  7 20:36:21 MDT 2023
  **** SharedData Build 3865790 on Sun May 07 13:33:03 MDT 2023
    ** Copyright 1986-2022 Xilinx, Inc. All Rights Reserved.
    ** Copyright 2022-2023 Advanced Micro Devices, Inc. All Rights Reserved.

source blockdesign_paint_rectangle_1_0.tcl -notrace
create_project: Time (s): cpu = 00:00:13 ; elapsed = 00:00:21 . Memory (MB): peak = 1372.168 ; gain = 159.754
INFO: [IP_Flow 19-234] Refreshing IP repositories
WARNING: [IP_Flow 19-2248] Failed to load user IP repository 'd:/Vivado/vivado-library-zmod-v1-2019.1-2'; Can't find the specified path.
If this directory should no longer be in your list of user repositories, go to the IP Settings dialog and remove it.
INFO: [IP_Flow 19-1700] Loaded user IP repository 'd:/_code/Vivado/vivado-library-zmod-v1-2019.1-2'.
INFO: [IP_Flow 19-2313] Loaded Vivado IP repository 'C:/Xilinx/Vivado/2023.1/data/ip'.
update_ip_catalog: Time (s): cpu = 00:00:00 ; elapsed = 00:00:26 . Memory (MB): peak = 1401.988 ; gain = 24.848
INFO: [IP_Flow 19-6924] IPCACHE: Running cache check for IP inst: blockdesign_paint_rectangle_1_0
Command: synth_design -top blockdesign_paint_rectangle_1_0 -part xc7z020clg400-1 -incremental_mode off -mode out_of_context
Starting synth_design
Attempting to get a license for feature 'Synthesis' and/or device 'xc7z020'
INFO: [Common 17-349] Got license for feature 'Synthesis' and/or device 'xc7z020'
INFO: [Device 21-403] Loading part xc7z020clg400-1
INFO: [Synth 8-7079] Multithreading enabled for synth_design using a maximum of 2 processes.
INFO: [Synth 8-7078] Launching helper process for spawning children vivado processes
INFO: [Synth 8-7075] Helper process launched with PID 31436
---------------------------------------------------------------------------------
Starting RTL Elaboration : Time (s): cpu = 00:00:08 ; elapsed = 00:00:30 . Memory (MB): peak = 2237.504 ; gain = 409.316
---------------------------------------------------------------------------------
INFO: [Synth 8-638] synthesizing module 'blockdesign_paint_rectangle_1_0' [d:/_code/Git/Fontys/CSA/CSA2-pong/pong-digitaal/fontys-pong/fontys-pong.gen/sources_1/bd/blockdesign/ip/blockdesign_paint_rectangle_1_0/synth/blockdesign_paint_rectangle_1_0.vhd:78]
INFO: [Synth 8-3491] module 'paint_rectangle' declared at 'D:/_code/Git/Fontys/CSA/CSA2-pong/pong-digitaal/fontys-pong/fontys-pong.srcs/sources_1/new/paint_rectangle.vhd:7' bound to instance 'U0' of component 'paint_rectangle' [d:/_code/Git/Fontys/CSA/CSA2-pong/pong-digitaal/fontys-pong/fontys-pong.gen/sources_1/bd/blockdesign/ip/blockdesign_paint_rectangle_1_0/synth/blockdesign_paint_rectangle_1_0.vhd:115]
INFO: [Synth 8-638] synthesizing module 'paint_rectangle' [D:/_code/Git/Fontys/CSA/CSA2-pong/pong-digitaal/fontys-pong/fontys-pong.srcs/sources_1/new/paint_rectangle.vhd:27]
INFO: [Synth 8-256] done synthesizing module 'paint_rectangle' (0#1) [D:/_code/Git/Fontys/CSA/CSA2-pong/pong-digitaal/fontys-pong/fontys-pong.srcs/sources_1/new/paint_rectangle.vhd:27]
INFO: [Synth 8-256] done synthesizing module 'blockdesign_paint_rectangle_1_0' (0#1) [d:/_code/Git/Fontys/CSA/CSA2-pong/pong-digitaal/fontys-pong/fontys-pong.gen/sources_1/bd/blockdesign/ip/blockdesign_paint_rectangle_1_0/synth/blockdesign_paint_rectangle_1_0.vhd:78]
---------------------------------------------------------------------------------
Finished RTL Elaboration : Time (s): cpu = 00:00:11 ; elapsed = 00:00:34 . Memory (MB): peak = 2328.996 ; gain = 500.809
---------------------------------------------------------------------------------
---------------------------------------------------------------------------------
Start Handling Custom Attributes
---------------------------------------------------------------------------------
---------------------------------------------------------------------------------
Finished Handling Custom Attributes : Time (s): cpu = 00:00:11 ; elapsed = 00:00:35 . Memory (MB): peak = 2346.883 ; gain = 518.695
---------------------------------------------------------------------------------
---------------------------------------------------------------------------------
Finished RTL Optimization Phase 1 : Time (s): cpu = 00:00:11 ; elapsed = 00:00:35 . Memory (MB): peak = 2346.883 ; gain = 518.695
---------------------------------------------------------------------------------
Netlist sorting complete. Time (s): cpu = 00:00:00 ; elapsed = 00:00:00.003 . Memory (MB): peak = 2346.883 ; gain = 0.000
INFO: [Project 1-570] Preparing netlist for logic optimization

Processing XDC Constraints
Initializing timing engine
Completed Processing XDC Constraints

Netlist sorting complete. Time (s): cpu = 00:00:00 ; elapsed = 00:00:00 . Memory (MB): peak = 2435.340 ; gain = 0.000
INFO: [Project 1-111] Unisim Transformation Summary:
No Unisim elements were transformed.

Constraint Validation Runtime : Time (s): cpu = 00:00:00 ; elapsed = 00:00:00.052 . Memory (MB): peak = 2435.355 ; gain = 0.016
INFO: [Designutils 20-5008] Incremental synthesis strategy off
---------------------------------------------------------------------------------
Finished Constraint Validation : Time (s): cpu = 00:00:25 ; elapsed = 00:00:52 . Memory (MB): peak = 2435.355 ; gain = 607.168
---------------------------------------------------------------------------------
---------------------------------------------------------------------------------
Start Loading Part and Timing Information
---------------------------------------------------------------------------------
Loading part: xc7z020clg400-1
---------------------------------------------------------------------------------
Finished Loading Part and Timing Information : Time (s): cpu = 00:00:25 ; elapsed = 00:00:52 . Memory (MB): peak = 2435.355 ; gain = 607.168
---------------------------------------------------------------------------------
---------------------------------------------------------------------------------
Start Applying 'set_property' XDC Constraints
---------------------------------------------------------------------------------
---------------------------------------------------------------------------------
Finished applying 'set_property' XDC Constraints : Time (s): cpu = 00:00:25 ; elapsed = 00:00:52 . Memory (MB): peak = 2435.355 ; gain = 607.168
---------------------------------------------------------------------------------
---------------------------------------------------------------------------------
Finished RTL Optimization Phase 2 : Time (s): cpu = 00:00:26 ; elapsed = 00:00:53 . Memory (MB): peak = 2435.355 ; gain = 607.168
---------------------------------------------------------------------------------
---------------------------------------------------------------------------------
Start RTL Component Statistics 
---------------------------------------------------------------------------------
Detailed RTL Component Info : 
+---Adders : 
	   3 Input   12 Bit       Adders := 2     
	   2 Input   11 Bit       Adders := 2     
+---Registers : 
	               11 Bit    Registers := 2     
	                1 Bit    Registers := 4     
---------------------------------------------------------------------------------
Finished RTL Component Statistics 
---------------------------------------------------------------------------------
---------------------------------------------------------------------------------
Start Part Resource Summary
---------------------------------------------------------------------------------
Part Resources:
DSPs: 220 (col length:60)
BRAMs: 280 (col length: RAMB18 60 RAMB36 30)
---------------------------------------------------------------------------------
Finished Part Resource Summary
---------------------------------------------------------------------------------
---------------------------------------------------------------------------------
Start Cross Boundary and Area Optimization
---------------------------------------------------------------------------------
WARNING: [Synth 8-7080] Parallel synthesis criteria is not met
---------------------------------------------------------------------------------
Finished Cross Boundary and Area Optimization : Time (s): cpu = 00:00:30 ; elapsed = 00:00:57 . Memory (MB): peak = 2435.355 ; gain = 607.168
---------------------------------------------------------------------------------
---------------------------------------------------------------------------------
Start Applying XDC Timing Constraints
---------------------------------------------------------------------------------
---------------------------------------------------------------------------------
Finished Applying XDC Timing Constraints : Time (s): cpu = 00:00:42 ; elapsed = 00:01:11 . Memory (MB): peak = 2435.355 ; gain = 607.168
---------------------------------------------------------------------------------
---------------------------------------------------------------------------------
Start Timing Optimization
---------------------------------------------------------------------------------
---------------------------------------------------------------------------------
Finished Timing Optimization : Time (s): cpu = 00:00:42 ; elapsed = 00:01:11 . Memory (MB): peak = 2435.355 ; gain = 607.168
---------------------------------------------------------------------------------
---------------------------------------------------------------------------------
Start Technology Mapping
---------------------------------------------------------------------------------
---------------------------------------------------------------------------------
Finished Technology Mapping : Time (s): cpu = 00:00:42 ; elapsed = 00:01:11 . Memory (MB): peak = 2435.355 ; gain = 607.168
---------------------------------------------------------------------------------
---------------------------------------------------------------------------------
Start IO Insertion
---------------------------------------------------------------------------------
---------------------------------------------------------------------------------
Start Flattening Before IO Insertion
---------------------------------------------------------------------------------
---------------------------------------------------------------------------------
Finished Flattening Before IO Insertion
---------------------------------------------------------------------------------
---------------------------------------------------------------------------------
Start Final Netlist Cleanup
---------------------------------------------------------------------------------
---------------------------------------------------------------------------------
Finished Final Netlist Cleanup
---------------------------------------------------------------------------------
---------------------------------------------------------------------------------
Finished IO Insertion : Time (s): cpu = 00:00:51 ; elapsed = 00:01:23 . Memory (MB): peak = 2435.355 ; gain = 607.168
---------------------------------------------------------------------------------
---------------------------------------------------------------------------------
Start Renaming Generated Instances
---------------------------------------------------------------------------------
---------------------------------------------------------------------------------
Finished Renaming Generated Instances : Time (s): cpu = 00:00:51 ; elapsed = 00:01:23 . Memory (MB): peak = 2435.355 ; gain = 607.168
---------------------------------------------------------------------------------
---------------------------------------------------------------------------------
Start Rebuilding User Hierarchy
---------------------------------------------------------------------------------
---------------------------------------------------------------------------------
Finished Rebuilding User Hierarchy : Time (s): cpu = 00:00:51 ; elapsed = 00:01:23 . Memory (MB): peak = 2435.355 ; gain = 607.168
---------------------------------------------------------------------------------
---------------------------------------------------------------------------------
Start Renaming Generated Ports
---------------------------------------------------------------------------------
---------------------------------------------------------------------------------
Finished Renaming Generated Ports : Time (s): cpu = 00:00:51 ; elapsed = 00:01:23 . Memory (MB): peak = 2435.355 ; gain = 607.168
---------------------------------------------------------------------------------
---------------------------------------------------------------------------------
Start Handling Custom Attributes
---------------------------------------------------------------------------------
---------------------------------------------------------------------------------
Finished Handling Custom Attributes : Time (s): cpu = 00:00:51 ; elapsed = 00:01:23 . Memory (MB): peak = 2435.355 ; gain = 607.168
---------------------------------------------------------------------------------
---------------------------------------------------------------------------------
Start Renaming Generated Nets
---------------------------------------------------------------------------------
---------------------------------------------------------------------------------
Finished Renaming Generated Nets : Time (s): cpu = 00:00:51 ; elapsed = 00:01:23 . Memory (MB): peak = 2435.355 ; gain = 607.168
---------------------------------------------------------------------------------
---------------------------------------------------------------------------------
Start Writing Synthesis Report
---------------------------------------------------------------------------------

Report BlackBoxes: 
+-+--------------+----------+
| |BlackBox name |Instances |
+-+--------------+----------+
+-+--------------+----------+

Report Cell Usage: 
+------+-------+------+
|      |Cell   |Count |
+------+-------+------+
|1     |CARRY4 |    16|
|2     |LUT2   |    48|
|3     |LUT4   |    20|
|4     |LUT5   |     1|
|5     |FDRE   |    26|
+------+-------+------+
---------------------------------------------------------------------------------
Finished Writing Synthesis Report : Time (s): cpu = 00:00:51 ; elapsed = 00:01:23 . Memory (MB): peak = 2435.355 ; gain = 607.168
---------------------------------------------------------------------------------
Synthesis finished with 0 errors, 0 critical warnings and 1 warnings.
Synthesis Optimization Runtime : Time (s): cpu = 00:00:37 ; elapsed = 00:01:18 . Memory (MB): peak = 2435.355 ; gain = 518.695
Synthesis Optimization Complete : Time (s): cpu = 00:00:52 ; elapsed = 00:01:23 . Memory (MB): peak = 2435.355 ; gain = 607.168
INFO: [Project 1-571] Translating synthesized netlist
Netlist sorting complete. Time (s): cpu = 00:00:00 ; elapsed = 00:00:00.004 . Memory (MB): peak = 2435.355 ; gain = 0.000
INFO: [Netlist 29-17] Analyzing 16 Unisim elements for replacement
INFO: [Netlist 29-28] Unisim Transformation completed in 0 CPU seconds
INFO: [Project 1-570] Preparing netlist for logic optimization
INFO: [Opt 31-138] Pushed 0 inverter(s) to 0 load pin(s).
Netlist sorting complete. Time (s): cpu = 00:00:00 ; elapsed = 00:00:00 . Memory (MB): peak = 2435.355 ; gain = 0.000
INFO: [Project 1-111] Unisim Transformation Summary:
No Unisim elements were transformed.

Synth Design complete | Checksum: fdcbaacd
INFO: [Common 17-83] Releasing license: Synthesis
24 Infos, 2 Warnings, 0 Critical Warnings and 0 Errors encountered.
synth_design completed successfully
synth_design: Time (s): cpu = 00:00:58 ; elapsed = 00:01:47 . Memory (MB): peak = 2435.355 ; gain = 1011.527
INFO: [Common 17-1381] The checkpoint 'D:/_code/Git/Fontys/CSA/CSA2-pong/pong-digitaal/fontys-pong/fontys-pong.runs/blockdesign_paint_rectangle_1_0_synth_1/blockdesign_paint_rectangle_1_0.dcp' has been generated.
INFO: [Coretcl 2-1648] Added synthesis output to IP cache for IP blockdesign_paint_rectangle_1_0, cache-ID = 6a1f68928386b970
INFO: [Common 17-1381] The checkpoint 'D:/_code/Git/Fontys/CSA/CSA2-pong/pong-digitaal/fontys-pong/fontys-pong.runs/blockdesign_paint_rectangle_1_0_synth_1/blockdesign_paint_rectangle_1_0.dcp' has been generated.
INFO: [runtcl-4] Executing : report_utilization -file blockdesign_paint_rectangle_1_0_utilization_synth.rpt -pb blockdesign_paint_rectangle_1_0_utilization_synth.pb
INFO: [Common 17-206] Exiting Vivado at Tue Mar 26 09:44:22 2024...
