
*** Running vivado
    with args -log blockdesign_rgb2dvi_0_1.vds -m64 -product Vivado -mode batch -messageDb vivado.pb -notrace -source blockdesign_rgb2dvi_0_1.tcl



****** Vivado v2023.1 (64-bit)
  **** SW Build 3865809 on Sun May  7 15:05:29 MDT 2023
  **** IP Build 3864474 on Sun May  7 20:36:21 MDT 2023
  **** SharedData Build 3865790 on Sun May 07 13:33:03 MDT 2023
    ** Copyright 1986-2022 Xilinx, Inc. All Rights Reserved.
    ** Copyright 2022-2023 Advanced Micro Devices, Inc. All Rights Reserved.

source blockdesign_rgb2dvi_0_1.tcl -notrace
create_project: Time (s): cpu = 00:00:09 ; elapsed = 00:00:15 . Memory (MB): peak = 1377.008 ; gain = 159.832
INFO: [IP_Flow 19-234] Refreshing IP repositories
INFO: [IP_Flow 19-1700] Loaded user IP repository 'd:/_code/Vivado/vivado-library-zmod-v1-2019.1-2'.
INFO: [IP_Flow 19-2313] Loaded Vivado IP repository 'C:/Xilinx/Vivado/2023.1/data/ip'.
update_ip_catalog: Time (s): cpu = 00:00:01 ; elapsed = 00:00:23 . Memory (MB): peak = 1404.637 ; gain = 24.879
WARNING: [IP_Flow 19-4995] The host OS only allows 260 characters in a normal path. The IP cache path is more than 80 characters. If you experience issues with IP caching, please consider changing the IP cache to a location with a shorter path. Alternately consider using the OS subst command to map part of the path to a drive letter. 
Current IP cache path is d:/_code/Git/Fontys/CSA/CSA2-pong/pong-digitaal/fontys-pong_Artix7/fontys-pong_Artix7.cache/ip 
INFO: [IP_Flow 19-6924] IPCACHE: Running cache check for IP inst: blockdesign_rgb2dvi_0_1
Command: synth_design -top blockdesign_rgb2dvi_0_1 -part xc7a35tcpg236-1 -incremental_mode off -mode out_of_context
Starting synth_design
Attempting to get a license for feature 'Synthesis' and/or device 'xc7a35t'
INFO: [Common 17-349] Got license for feature 'Synthesis' and/or device 'xc7a35t'
INFO: [Device 21-403] Loading part xc7a35tcpg236-1
INFO: [Synth 8-7079] Multithreading enabled for synth_design using a maximum of 2 processes.
INFO: [Synth 8-7078] Launching helper process for spawning children vivado processes
INFO: [Synth 8-7075] Helper process launched with PID 22512
---------------------------------------------------------------------------------
Starting RTL Elaboration : Time (s): cpu = 00:00:09 ; elapsed = 00:00:12 . Memory (MB): peak = 2214.336 ; gain = 410.383
---------------------------------------------------------------------------------
INFO: [Synth 8-638] synthesizing module 'blockdesign_rgb2dvi_0_1' [d:/_code/Git/Fontys/CSA/CSA2-pong/pong-digitaal/fontys-pong_Artix7/fontys-pong_Artix7.gen/sources_1/bd/blockdesign/ip/blockdesign_rgb2dvi_0_1/synth/blockdesign_rgb2dvi_0_1.vhd:71]
	Parameter kGenerateSerialClk bound to: 1 - type: bool 
	Parameter kClkPrimitive bound to: PLL - type: string 
	Parameter kRstActiveHigh bound to: 1 - type: bool 
	Parameter kClkRange bound to: 1 - type: integer 
	Parameter kD0Swap bound to: 0 - type: bool 
	Parameter kD1Swap bound to: 0 - type: bool 
	Parameter kD2Swap bound to: 0 - type: bool 
	Parameter kClkSwap bound to: 0 - type: bool 
INFO: [Synth 8-3491] module 'rgb2dvi' declared at 'd:/_code/Git/Fontys/CSA/CSA2-pong/pong-digitaal/fontys-pong_Artix7/fontys-pong_Artix7.gen/sources_1/bd/blockdesign/ipshared/20df/src/rgb2dvi.vhd:62' bound to instance 'U0' of component 'rgb2dvi' [d:/_code/Git/Fontys/CSA/CSA2-pong/pong-digitaal/fontys-pong_Artix7/fontys-pong_Artix7.gen/sources_1/bd/blockdesign/ip/blockdesign_rgb2dvi_0_1/synth/blockdesign_rgb2dvi_0_1.vhd:121]
INFO: [Synth 8-638] synthesizing module 'rgb2dvi' [d:/_code/Git/Fontys/CSA/CSA2-pong/pong-digitaal/fontys-pong_Artix7/fontys-pong_Artix7.gen/sources_1/bd/blockdesign/ipshared/20df/src/rgb2dvi.vhd:94]
INFO: [Synth 8-638] synthesizing module 'ClockGen' [d:/_code/Git/Fontys/CSA/CSA2-pong/pong-digitaal/fontys-pong_Artix7/fontys-pong_Artix7.gen/sources_1/bd/blockdesign/ipshared/20df/src/ClockGen.vhd:46]
	Parameter kPolarity bound to: 1'b1 
INFO: [Synth 8-3491] module 'ResetBridge' declared at 'd:/_code/Git/Fontys/CSA/CSA2-pong/pong-digitaal/fontys-pong_Artix7/fontys-pong_Artix7.gen/sources_1/bd/blockdesign/ipshared/20df/src/SyncAsyncReset.vhd:63' bound to instance 'LockLostReset' of component 'ResetBridge' [d:/_code/Git/Fontys/CSA/CSA2-pong/pong-digitaal/fontys-pong_Artix7/fontys-pong_Artix7.gen/sources_1/bd/blockdesign/ipshared/20df/src/ClockGen.vhd:82]
INFO: [Synth 8-638] synthesizing module 'ResetBridge' [d:/_code/Git/Fontys/CSA/CSA2-pong/pong-digitaal/fontys-pong_Artix7/fontys-pong_Artix7.gen/sources_1/bd/blockdesign/ipshared/20df/src/SyncAsyncReset.vhd:72]
INFO: [Synth 8-638] synthesizing module 'SyncAsync' [d:/_code/Git/Fontys/CSA/CSA2-pong/pong-digitaal/fontys-pong_Artix7/fontys-pong_Artix7.gen/sources_1/bd/blockdesign/ipshared/20df/src/SyncAsync.vhd:72]
INFO: [Synth 8-256] done synthesizing module 'SyncAsync' (0#1) [d:/_code/Git/Fontys/CSA/CSA2-pong/pong-digitaal/fontys-pong_Artix7/fontys-pong_Artix7.gen/sources_1/bd/blockdesign/ipshared/20df/src/SyncAsync.vhd:72]
INFO: [Synth 8-256] done synthesizing module 'ResetBridge' (0#1) [d:/_code/Git/Fontys/CSA/CSA2-pong/pong-digitaal/fontys-pong_Artix7/fontys-pong_Artix7.gen/sources_1/bd/blockdesign/ipshared/20df/src/SyncAsyncReset.vhd:72]
INFO: [Synth 8-3491] module 'SyncAsync' declared at 'd:/_code/Git/Fontys/CSA/CSA2-pong/pong-digitaal/fontys-pong_Artix7/fontys-pong_Artix7.gen/sources_1/bd/blockdesign/ipshared/20df/src/SyncAsync.vhd:61' bound to instance 'PLL_LockSyncAsync' of component 'SyncAsync' [d:/_code/Git/Fontys/CSA/CSA2-pong/pong-digitaal/fontys-pong_Artix7/fontys-pong_Artix7.gen/sources_1/bd/blockdesign/ipshared/20df/src/ClockGen.vhd:90]
INFO: [Synth 8-638] synthesizing module 'SyncAsync__parameterized1' [d:/_code/Git/Fontys/CSA/CSA2-pong/pong-digitaal/fontys-pong_Artix7/fontys-pong_Artix7.gen/sources_1/bd/blockdesign/ipshared/20df/src/SyncAsync.vhd:72]
INFO: [Synth 8-256] done synthesizing module 'SyncAsync__parameterized1' (0#1) [d:/_code/Git/Fontys/CSA/CSA2-pong/pong-digitaal/fontys-pong_Artix7/fontys-pong_Artix7.gen/sources_1/bd/blockdesign/ipshared/20df/src/SyncAsync.vhd:72]
WARNING: [Synth 8-614] signal 'pRst' is read in the process but is not in the sensitivity list [d:/_code/Git/Fontys/CSA/CSA2-pong/pong-digitaal/fontys-pong_Artix7/fontys-pong_Artix7.gen/sources_1/bd/blockdesign/ipshared/20df/src/ClockGen.vhd:97]
	Parameter BANDWIDTH bound to: OPTIMIZED - type: string 
	Parameter CLKFBOUT_MULT bound to: 10 - type: integer 
	Parameter CLKFBOUT_PHASE bound to: 0.000000 - type: double 
	Parameter CLKIN1_PERIOD bound to: 6.250000 - type: double 
	Parameter CLKOUT0_DIVIDE bound to: 2 - type: integer 
	Parameter CLKOUT0_DUTY_CYCLE bound to: 0.500000 - type: double 
	Parameter CLKOUT0_PHASE bound to: 0.000000 - type: double 
	Parameter CLKOUT1_DIVIDE bound to: 10 - type: integer 
	Parameter CLKOUT1_DUTY_CYCLE bound to: 0.500000 - type: double 
	Parameter CLKOUT1_PHASE bound to: 0.000000 - type: double 
	Parameter COMPENSATION bound to: ZHOLD - type: string 
	Parameter DIVCLK_DIVIDE bound to: 1 - type: integer 
	Parameter REF_JITTER1 bound to: 0.010000 - type: double 
	Parameter STARTUP_WAIT bound to: FALSE - type: string 
INFO: [Synth 8-113] binding component instance 'DVI_ClkGenerator' to cell 'PLLE2_ADV' [d:/_code/Git/Fontys/CSA/CSA2-pong/pong-digitaal/fontys-pong_Artix7/fontys-pong_Artix7.gen/sources_1/bd/blockdesign/ipshared/20df/src/ClockGen.vhd:239]
INFO: [Synth 8-256] done synthesizing module 'ClockGen' (0#1) [d:/_code/Git/Fontys/CSA/CSA2-pong/pong-digitaal/fontys-pong_Artix7/fontys-pong_Artix7.gen/sources_1/bd/blockdesign/ipshared/20df/src/ClockGen.vhd:46]
INFO: [Synth 8-638] synthesizing module 'OutputSERDES' [d:/_code/Git/Fontys/CSA/CSA2-pong/pong-digitaal/fontys-pong_Artix7/fontys-pong_Artix7.gen/sources_1/bd/blockdesign/ipshared/20df/src/OutputSERDES.vhd:76]
	Parameter IOSTANDARD bound to: TMDS_33 - type: string 
INFO: [Synth 8-113] binding component instance 'OutputBuffer' to cell 'OBUFDS' [d:/_code/Git/Fontys/CSA/CSA2-pong/pong-digitaal/fontys-pong_Artix7/fontys-pong_Artix7.gen/sources_1/bd/blockdesign/ipshared/20df/src/OutputSERDES.vhd:83]
	Parameter DATA_RATE_OQ bound to: DDR - type: string 
	Parameter DATA_RATE_TQ bound to: SDR - type: string 
	Parameter DATA_WIDTH bound to: 10 - type: integer 
	Parameter SERDES_MODE bound to: MASTER - type: string 
	Parameter TBYTE_CTL bound to: FALSE - type: string 
	Parameter TBYTE_SRC bound to: FALSE - type: string 
	Parameter TRISTATE_WIDTH bound to: 1 - type: integer 
INFO: [Synth 8-113] binding component instance 'SerializerMaster' to cell 'OSERDESE2' [d:/_code/Git/Fontys/CSA/CSA2-pong/pong-digitaal/fontys-pong_Artix7/fontys-pong_Artix7.gen/sources_1/bd/blockdesign/ipshared/20df/src/OutputSERDES.vhd:92]
	Parameter DATA_RATE_OQ bound to: DDR - type: string 
	Parameter DATA_RATE_TQ bound to: SDR - type: string 
	Parameter DATA_WIDTH bound to: 10 - type: integer 
	Parameter SERDES_MODE bound to: SLAVE - type: string 
	Parameter TBYTE_CTL bound to: FALSE - type: string 
	Parameter TBYTE_SRC bound to: FALSE - type: string 
	Parameter TRISTATE_WIDTH bound to: 1 - type: integer 
INFO: [Synth 8-113] binding component instance 'SerializerSlave' to cell 'OSERDESE2' [d:/_code/Git/Fontys/CSA/CSA2-pong/pong-digitaal/fontys-pong_Artix7/fontys-pong_Artix7.gen/sources_1/bd/blockdesign/ipshared/20df/src/OutputSERDES.vhd:135]
INFO: [Synth 8-256] done synthesizing module 'OutputSERDES' (0#1) [d:/_code/Git/Fontys/CSA/CSA2-pong/pong-digitaal/fontys-pong_Artix7/fontys-pong_Artix7.gen/sources_1/bd/blockdesign/ipshared/20df/src/OutputSERDES.vhd:76]
INFO: [Synth 8-638] synthesizing module 'TMDS_Encoder' [d:/_code/Git/Fontys/CSA/CSA2-pong/pong-digitaal/fontys-pong_Artix7/fontys-pong_Artix7.gen/sources_1/bd/blockdesign/ipshared/20df/src/TMDS_Encoder.vhd:80]
INFO: [Synth 8-256] done synthesizing module 'TMDS_Encoder' (0#1) [d:/_code/Git/Fontys/CSA/CSA2-pong/pong-digitaal/fontys-pong_Artix7/fontys-pong_Artix7.gen/sources_1/bd/blockdesign/ipshared/20df/src/TMDS_Encoder.vhd:80]
INFO: [Synth 8-256] done synthesizing module 'rgb2dvi' (0#1) [d:/_code/Git/Fontys/CSA/CSA2-pong/pong-digitaal/fontys-pong_Artix7/fontys-pong_Artix7.gen/sources_1/bd/blockdesign/ipshared/20df/src/rgb2dvi.vhd:94]
INFO: [Synth 8-256] done synthesizing module 'blockdesign_rgb2dvi_0_1' (0#1) [d:/_code/Git/Fontys/CSA/CSA2-pong/pong-digitaal/fontys-pong_Artix7/fontys-pong_Artix7.gen/sources_1/bd/blockdesign/ip/blockdesign_rgb2dvi_0_1/synth/blockdesign_rgb2dvi_0_1.vhd:71]
WARNING: [Synth 8-6014] Unused sequential element pLockGained_reg was removed.  [d:/_code/Git/Fontys/CSA/CSA2-pong/pong-digitaal/fontys-pong_Artix7/fontys-pong_Artix7.gen/sources_1/bd/blockdesign/ipshared/20df/src/ClockGen.vhd:102]
WARNING: [Synth 8-7129] Port SerialClk in module TMDS_Encoder is either unconnected or has no load
WARNING: [Synth 8-7129] Port aRst in module TMDS_Encoder is either unconnected or has no load
WARNING: [Synth 8-7129] Port aRst_n in module rgb2dvi is either unconnected or has no load
---------------------------------------------------------------------------------
Finished RTL Elaboration : Time (s): cpu = 00:00:12 ; elapsed = 00:00:17 . Memory (MB): peak = 2306.734 ; gain = 502.781
---------------------------------------------------------------------------------
---------------------------------------------------------------------------------
Start Handling Custom Attributes
---------------------------------------------------------------------------------
---------------------------------------------------------------------------------
Finished Handling Custom Attributes : Time (s): cpu = 00:00:12 ; elapsed = 00:00:18 . Memory (MB): peak = 2324.672 ; gain = 520.719
---------------------------------------------------------------------------------
---------------------------------------------------------------------------------
Finished RTL Optimization Phase 1 : Time (s): cpu = 00:00:12 ; elapsed = 00:00:18 . Memory (MB): peak = 2324.672 ; gain = 520.719
---------------------------------------------------------------------------------
Netlist sorting complete. Time (s): cpu = 00:00:00 ; elapsed = 00:00:00.011 . Memory (MB): peak = 2336.672 ; gain = 0.000
INFO: [Netlist 29-17] Analyzing 5 Unisim elements for replacement
INFO: [Netlist 29-28] Unisim Transformation completed in 0 CPU seconds
INFO: [Project 1-570] Preparing netlist for logic optimization

Processing XDC Constraints
Initializing timing engine
Parsing XDC File [d:/_code/Git/Fontys/CSA/CSA2-pong/pong-digitaal/fontys-pong_Artix7/fontys-pong_Artix7.gen/sources_1/bd/blockdesign/ip/blockdesign_rgb2dvi_0_1/src/rgb2dvi_ooc.xdc] for cell 'U0'
Finished Parsing XDC File [d:/_code/Git/Fontys/CSA/CSA2-pong/pong-digitaal/fontys-pong_Artix7/fontys-pong_Artix7.gen/sources_1/bd/blockdesign/ip/blockdesign_rgb2dvi_0_1/src/rgb2dvi_ooc.xdc] for cell 'U0'
Parsing XDC File [d:/_code/Git/Fontys/CSA/CSA2-pong/pong-digitaal/fontys-pong_Artix7/fontys-pong_Artix7.gen/sources_1/bd/blockdesign/ip/blockdesign_rgb2dvi_0_1/src/rgb2dvi.xdc] for cell 'U0'
Finished Parsing XDC File [d:/_code/Git/Fontys/CSA/CSA2-pong/pong-digitaal/fontys-pong_Artix7/fontys-pong_Artix7.gen/sources_1/bd/blockdesign/ip/blockdesign_rgb2dvi_0_1/src/rgb2dvi.xdc] for cell 'U0'
Parsing XDC File [D:/_code/Git/Fontys/CSA/CSA2-pong/pong-digitaal/fontys-pong_Artix7/fontys-pong_Artix7.runs/blockdesign_rgb2dvi_0_1_synth_1/dont_touch.xdc]
Finished Parsing XDC File [D:/_code/Git/Fontys/CSA/CSA2-pong/pong-digitaal/fontys-pong_Artix7/fontys-pong_Artix7.runs/blockdesign_rgb2dvi_0_1_synth_1/dont_touch.xdc]
Parsing XDC File [d:/_code/Git/Fontys/CSA/CSA2-pong/pong-digitaal/fontys-pong_Artix7/fontys-pong_Artix7.gen/sources_1/bd/blockdesign/ip/blockdesign_rgb2dvi_0_1/src/rgb2dvi_clocks.xdc] for cell 'U0'
Finished Parsing XDC File [d:/_code/Git/Fontys/CSA/CSA2-pong/pong-digitaal/fontys-pong_Artix7/fontys-pong_Artix7.gen/sources_1/bd/blockdesign/ip/blockdesign_rgb2dvi_0_1/src/rgb2dvi_clocks.xdc] for cell 'U0'
Completed Processing XDC Constraints

Netlist sorting complete. Time (s): cpu = 00:00:00 ; elapsed = 00:00:00 . Memory (MB): peak = 2435.914 ; gain = 0.000
INFO: [Project 1-111] Unisim Transformation Summary:
No Unisim elements were transformed.

INFO: [Timing 38-2] Deriving generated clocks
Constraint Validation Runtime : Time (s): cpu = 00:00:00 ; elapsed = 00:00:00.128 . Memory (MB): peak = 2435.914 ; gain = 0.000
INFO: [Designutils 20-5008] Incremental synthesis strategy off
---------------------------------------------------------------------------------
Finished Constraint Validation : Time (s): cpu = 00:00:25 ; elapsed = 00:00:34 . Memory (MB): peak = 2435.914 ; gain = 631.961
---------------------------------------------------------------------------------
---------------------------------------------------------------------------------
Start Loading Part and Timing Information
---------------------------------------------------------------------------------
Loading part: xc7a35tcpg236-1
---------------------------------------------------------------------------------
Finished Loading Part and Timing Information : Time (s): cpu = 00:00:25 ; elapsed = 00:00:34 . Memory (MB): peak = 2435.914 ; gain = 631.961
---------------------------------------------------------------------------------
---------------------------------------------------------------------------------
Start Applying 'set_property' XDC Constraints
---------------------------------------------------------------------------------
Applied set_property KEEP_HIERARCHY = SOFT for U0. (constraint file  D:/_code/Git/Fontys/CSA/CSA2-pong/pong-digitaal/fontys-pong_Artix7/fontys-pong_Artix7.runs/blockdesign_rgb2dvi_0_1_synth_1/dont_touch.xdc, line 9).
---------------------------------------------------------------------------------
Finished applying 'set_property' XDC Constraints : Time (s): cpu = 00:00:25 ; elapsed = 00:00:35 . Memory (MB): peak = 2435.914 ; gain = 631.961
---------------------------------------------------------------------------------
---------------------------------------------------------------------------------
Finished RTL Optimization Phase 2 : Time (s): cpu = 00:00:25 ; elapsed = 00:00:36 . Memory (MB): peak = 2435.914 ; gain = 631.961
---------------------------------------------------------------------------------
---------------------------------------------------------------------------------
Start RTL Component Statistics 
---------------------------------------------------------------------------------
Detailed RTL Component Info : 
+---Adders : 
	   3 Input    5 Bit       Adders := 9     
	   4 Input    5 Bit       Adders := 3     
	   2 Input    5 Bit       Adders := 3     
	   8 Input    4 Bit       Adders := 6     
	   2 Input    4 Bit       Adders := 3     
+---XORs : 
	   2 Input      1 Bit         XORs := 42    
+---Registers : 
	               10 Bit    Registers := 3     
	                9 Bit    Registers := 3     
	                8 Bit    Registers := 3     
	                5 Bit    Registers := 3     
	                4 Bit    Registers := 9     
	                3 Bit    Registers := 1     
	                2 Bit    Registers := 3     
	                1 Bit    Registers := 19    
+---Muxes : 
	   4 Input   10 Bit        Muxes := 3     
	   2 Input    9 Bit        Muxes := 3     
	   2 Input    5 Bit        Muxes := 9     
---------------------------------------------------------------------------------
Finished RTL Component Statistics 
---------------------------------------------------------------------------------
---------------------------------------------------------------------------------
Start Part Resource Summary
---------------------------------------------------------------------------------
Part Resources:
DSPs: 90 (col length:60)
BRAMs: 100 (col length: RAMB18 60 RAMB36 30)
---------------------------------------------------------------------------------
Finished Part Resource Summary
---------------------------------------------------------------------------------
---------------------------------------------------------------------------------
Start Cross Boundary and Area Optimization
---------------------------------------------------------------------------------
WARNING: [Synth 8-7080] Parallel synthesis criteria is not met
WARNING: [Synth 8-7129] Port aRst_n in module rgb2dvi is either unconnected or has no load
WARNING: [Synth 8-7129] Port SerialClk in module rgb2dvi is either unconnected or has no load
---------------------------------------------------------------------------------
Finished Cross Boundary and Area Optimization : Time (s): cpu = 00:00:33 ; elapsed = 00:00:45 . Memory (MB): peak = 2435.914 ; gain = 631.961
---------------------------------------------------------------------------------
---------------------------------------------------------------------------------
Start Applying XDC Timing Constraints
---------------------------------------------------------------------------------
---------------------------------------------------------------------------------
Finished Applying XDC Timing Constraints : Time (s): cpu = 00:00:43 ; elapsed = 00:00:57 . Memory (MB): peak = 2435.914 ; gain = 631.961
---------------------------------------------------------------------------------
---------------------------------------------------------------------------------
Start Timing Optimization
---------------------------------------------------------------------------------
---------------------------------------------------------------------------------
Finished Timing Optimization : Time (s): cpu = 00:00:44 ; elapsed = 00:00:58 . Memory (MB): peak = 2435.914 ; gain = 631.961
---------------------------------------------------------------------------------
---------------------------------------------------------------------------------
Start Technology Mapping
---------------------------------------------------------------------------------
---------------------------------------------------------------------------------
Finished Technology Mapping : Time (s): cpu = 00:00:44 ; elapsed = 00:00:58 . Memory (MB): peak = 2435.914 ; gain = 631.961
---------------------------------------------------------------------------------
---------------------------------------------------------------------------------
Start IO Insertion
---------------------------------------------------------------------------------
---------------------------------------------------------------------------------
Start Flattening Before IO Insertion
---------------------------------------------------------------------------------
---------------------------------------------------------------------------------
Finished Flattening Before IO Insertion
---------------------------------------------------------------------------------
---------------------------------------------------------------------------------
Start Final Netlist Cleanup
---------------------------------------------------------------------------------
---------------------------------------------------------------------------------
Finished Final Netlist Cleanup
---------------------------------------------------------------------------------
---------------------------------------------------------------------------------
Finished IO Insertion : Time (s): cpu = 00:00:50 ; elapsed = 00:01:06 . Memory (MB): peak = 2435.914 ; gain = 631.961
---------------------------------------------------------------------------------
---------------------------------------------------------------------------------
Start Renaming Generated Instances
---------------------------------------------------------------------------------
---------------------------------------------------------------------------------
Finished Renaming Generated Instances : Time (s): cpu = 00:00:50 ; elapsed = 00:01:06 . Memory (MB): peak = 2435.914 ; gain = 631.961
---------------------------------------------------------------------------------
---------------------------------------------------------------------------------
Start Rebuilding User Hierarchy
---------------------------------------------------------------------------------
---------------------------------------------------------------------------------
Finished Rebuilding User Hierarchy : Time (s): cpu = 00:00:50 ; elapsed = 00:01:06 . Memory (MB): peak = 2435.914 ; gain = 631.961
---------------------------------------------------------------------------------
---------------------------------------------------------------------------------
Start Renaming Generated Ports
---------------------------------------------------------------------------------
---------------------------------------------------------------------------------
Finished Renaming Generated Ports : Time (s): cpu = 00:00:50 ; elapsed = 00:01:06 . Memory (MB): peak = 2435.914 ; gain = 631.961
---------------------------------------------------------------------------------
---------------------------------------------------------------------------------
Start Handling Custom Attributes
---------------------------------------------------------------------------------
---------------------------------------------------------------------------------
Finished Handling Custom Attributes : Time (s): cpu = 00:00:50 ; elapsed = 00:01:06 . Memory (MB): peak = 2435.914 ; gain = 631.961
---------------------------------------------------------------------------------
---------------------------------------------------------------------------------
Start Renaming Generated Nets
---------------------------------------------------------------------------------
---------------------------------------------------------------------------------
Finished Renaming Generated Nets : Time (s): cpu = 00:00:50 ; elapsed = 00:01:06 . Memory (MB): peak = 2435.914 ; gain = 631.961
---------------------------------------------------------------------------------
---------------------------------------------------------------------------------
Start Writing Synthesis Report
---------------------------------------------------------------------------------

Report BlackBoxes: 
+-+--------------+----------+
| |BlackBox name |Instances |
+-+--------------+----------+
+-+--------------+----------+

Report Cell Usage: 
+------+----------+------+
|      |Cell      |Count |
+------+----------+------+
|1     |LUT1      |     5|
|2     |LUT2      |    22|
|3     |LUT3      |    35|
|4     |LUT4      |    23|
|5     |LUT5      |    43|
|6     |LUT6      |    72|
|7     |OSERDESE2 |     8|
|9     |PLLE2_ADV |     1|
|10    |FDCE      |     3|
|11    |FDPE      |     5|
|12    |FDRE      |   119|
|13    |FDSE      |    15|
|14    |OBUFDS    |     4|
+------+----------+------+
---------------------------------------------------------------------------------
Finished Writing Synthesis Report : Time (s): cpu = 00:00:50 ; elapsed = 00:01:06 . Memory (MB): peak = 2435.914 ; gain = 631.961
---------------------------------------------------------------------------------
Synthesis finished with 0 errors, 0 critical warnings and 3 warnings.
Synthesis Optimization Runtime : Time (s): cpu = 00:00:35 ; elapsed = 00:01:00 . Memory (MB): peak = 2435.914 ; gain = 520.719
Synthesis Optimization Complete : Time (s): cpu = 00:00:50 ; elapsed = 00:01:06 . Memory (MB): peak = 2435.914 ; gain = 631.961
INFO: [Project 1-571] Translating synthesized netlist
Netlist sorting complete. Time (s): cpu = 00:00:00 ; elapsed = 00:00:00.004 . Memory (MB): peak = 2435.914 ; gain = 0.000
INFO: [Netlist 29-17] Analyzing 5 Unisim elements for replacement
INFO: [Netlist 29-28] Unisim Transformation completed in 0 CPU seconds
INFO: [Project 1-570] Preparing netlist for logic optimization
INFO: [Opt 31-138] Pushed 0 inverter(s) to 0 load pin(s).
Netlist sorting complete. Time (s): cpu = 00:00:00 ; elapsed = 00:00:00 . Memory (MB): peak = 2435.914 ; gain = 0.000
INFO: [Project 1-111] Unisim Transformation Summary:
No Unisim elements were transformed.

Synth Design complete | Checksum: 8a865698
INFO: [Common 17-83] Releasing license: Synthesis
45 Infos, 9 Warnings, 0 Critical Warnings and 0 Errors encountered.
synth_design completed successfully
synth_design: Time (s): cpu = 00:00:54 ; elapsed = 00:01:25 . Memory (MB): peak = 2435.914 ; gain = 1012.180
INFO: [Common 17-1381] The checkpoint 'D:/_code/Git/Fontys/CSA/CSA2-pong/pong-digitaal/fontys-pong_Artix7/fontys-pong_Artix7.runs/blockdesign_rgb2dvi_0_1_synth_1/blockdesign_rgb2dvi_0_1.dcp' has been generated.
INFO: [Coretcl 2-1648] Added synthesis output to IP cache for IP blockdesign_rgb2dvi_0_1, cache-ID = 1884c4dbdaa425f6
INFO: [Coretcl 2-1174] Renamed 14 cell refs.
INFO: [Common 17-1381] The checkpoint 'D:/_code/Git/Fontys/CSA/CSA2-pong/pong-digitaal/fontys-pong_Artix7/fontys-pong_Artix7.runs/blockdesign_rgb2dvi_0_1_synth_1/blockdesign_rgb2dvi_0_1.dcp' has been generated.
INFO: [runtcl-4] Executing : report_utilization -file blockdesign_rgb2dvi_0_1_utilization_synth.rpt -pb blockdesign_rgb2dvi_0_1_utilization_synth.pb
INFO: [Common 17-206] Exiting Vivado at Mon Apr  1 15:53:23 2024...
